{"meta": {"format": 3, "version": "7.16.1", "timestamp": "2026-09-19T01:42:47.934394", "branch_coverage": false, "show_contexts": false}, "files": {"src/guardrail/__init__.py": {"executed_lines": [8, 28], "summary": {"covered_lines": 2, "num_statements": 2, "percent_covered": 100.0, "percent_covered_display": "100", "missing_lines": 0, "excluded_lines": 0, "percent_statements_covered": 100.0, "percent_statements_covered_display": "100"}, "missing_lines": [], "excluded_lines": [], "functions": {"": {"executed_lines": [8, 28], "summary": {"covered_lines": 2, "num_statements": 2, "percent_covered": 100.0, "percent_covered_display": "100", "missing_lines": 0, "excluded_lines": 0, "percent_statements_covered": 100.0, "percent_statements_covered_display": "100"}, "missing_lines": [], "excluded_lines": [], "start_line": 1}}, "classes": {"": {"executed_lines": [8, 28], "summary": {"covered_lines": 2, "num_statements": 2, "percent_covered": 100.0, "percent_covered_display": "100", "missing_lines": 0, "excluded_lines": 0, "percent_statements_covered": 100.0, "percent_statements_covered_display": "100"}, "missing_lines": [], "excluded_lines": [], "start_line": 1}}}, "src/guardrail/capa_projection.py": {"executed_lines": [56, 58, 59, 60, 62, 73, 76, 78, 81, 84, 87, 88, 89, 90, 93, 97, 101, 105, 121, 122, 123, 124, 128, 129, 130, 131, 132, 133, 134, 135, 136, 137, 138, 139, 140, 141, 149, 152, 153, 154, 155, 156, 157, 158, 159, 162, 165, 166, 167, 168, 169, 170, 171, 174, 175, 176, 178, 179, 180, 181, 184, 187, 188, 189, 191, 192, 193, 194, 197, 198, 199, 200, 201, 202, 203, 204, 206, 209, 210, 215, 218, 221, 222, 223, 224, 225, 226, 227, 228, 229, 230, 233, 243, 244, 245, 246, 247, 251, 252, 253, 254, 255], "summary": {"covered_lines": 102, "num_statements": 102, "percent_covered": 100.0, "percent_covered_display": "100", "missing_lines": 0, "excluded_lines": 0, "percent_statements_covered": 100.0, "percent_statements_covered_display": "100"}, "missing_lines": [], "excluded_lines": [], "functions": {"project_capabilities": {"executed_lines": [121, 122, 123, 124, 128, 129, 130, 131, 132, 133, 134, 135, 136, 137, 138, 139, 140, 141, 149], "summary": {"covered_lines": 19, "num_statements": 19, "percent_covered": 100.0, "percent_covered_display": "100", "missing_lines": 0, "excluded_lines": 0, "percent_statements_covered": 100.0, "percent_statements_covered_display": "100"}, "missing_lines": [], "excluded_lines": [], "start_line": 105}, "_as_document": {"executed_lines": [153, 154, 155, 156, 157, 158, 159, 162], "summary": {"covered_lines": 8, "num_statements": 8, "percent_covered": 100.0, "percent_covered_display": "100", "missing_lines": 0, "excluded_lines": 0, "percent_statements_covered": 100.0, "percent_statements_covered_display": "100"}, "missing_lines": [], "excluded_lines": [], "start_line": 152}, "_rule_meta": {"executed_lines": [166, 167, 168, 169, 170, 171], "summary": {"covered_lines": 6, "num_statements": 6, "percent_covered": 100.0, "percent_covered_display": "100", "missing_lines": 0, "excluded_lines": 0, "percent_statements_covered": 100.0, "percent_statements_covered_display": "100"}, "missing_lines": [], "excluded_lines": [], "start_line": 165}, "_namespace": {"executed_lines": [175, 176, 178, 179, 180, 181], "summary": {"covered_lines": 6, "num_statements": 6, "percent_covered": 100.0, "percent_covered_display": "100", "missing_lines": 0, "excluded_lines": 0, "percent_statements_covered": 100.0, "percent_statements_covered_display": "100"}, "missing_lines": [], "excluded_lines": [], "start_line": 174}, "_attack_entries": {"executed_lines": [187, 188, 189, 191, 192, 193, 194], "summary": {"covered_lines": 7, "num_statements": 7, "percent_covered": 100.0, "percent_covered_display": "100", "missing_lines": 0, "excluded_lines": 0, "percent_statements_covered": 100.0, "percent_statements_covered_display": "100"}, "missing_lines": [], "excluded_lines": [], "start_line": 184}, "_project_entry": {"executed_lines": [198, 199, 200, 201, 202, 203, 204, 206, 209, 210, 215], "summary": {"covered_lines": 11, "num_statements": 11, "percent_covered": 100.0, "percent_covered_display": "100", "missing_lines": 0, "excluded_lines": 0, "percent_statements_covered": 100.0, "percent_statements_covered_display": "100"}, "missing_lines": [], "excluded_lines": [], "start_line": 197}, "_entry_str": {"executed_lines": [221, 222, 223, 224, 225, 226, 227, 228, 229, 230], "summary": {"covered_lines": 10, "num_statements": 10, "percent_covered": 100.0, "percent_covered_display": "100", "missing_lines": 0, "excluded_lines": 0, "percent_statements_covered": 100.0, "percent_statements_covered_display": "100"}, "missing_lines": [], "excluded_lines": [], "start_line": 218}, "_parse_canonical_attack": {"executed_lines": [243, 244, 245, 246, 247, 251, 252, 253, 254, 255], "summary": {"covered_lines": 10, "num_statements": 10, "percent_covered": 100.0, "percent_covered_display": "100", "missing_lines": 0, "excluded_lines": 0, "percent_statements_covered": 100.0, "percent_statements_covered_display": "100"}, "missing_lines": [], "excluded_lines": [], "start_line": 233}, "": {"executed_lines": [56, 58, 59, 60, 62, 73, 76, 78, 81, 84, 87, 88, 89, 90, 93, 97, 101, 105, 152, 165, 174, 184, 197, 218, 233], "summary": {"covered_lines": 25, "num_statements": 25, "percent_covered": 100.0, "percent_covered_display": "100", "missing_lines": 0, "excluded_lines": 0, "percent_statements_covered": 100.0, "percent_statements_covered_display": "100"}, "missing_lines": [], "excluded_lines": [], "start_line": 1}}, "classes": {"CapabilityProjection": {"executed_lines": [], "summary": {"covered_lines": 0, "num_statements": 0, "percent_covered": 100.0, "percent_covered_display": "100", "missing_lines": 0, "excluded_lines": 0, "percent_statements_covered": 100.0, "percent_statements_covered_display": "100"}, "missing_lines": [], "excluded_lines": [], "start_line": 84}, "CapaProjectionError": {"executed_lines": [], "summary": {"covered_lines": 0, "num_statements": 0, "percent_covered": 100.0, "percent_covered_display": "100", "missing_lines": 0, "excluded_lines": 0, "percent_statements_covered": 100.0, "percent_statements_covered_display": "100"}, "missing_lines": [], "excluded_lines": [], "start_line": 93}, "CapaaSyntaxError": {"executed_lines": [], "summary": {"covered_lines": 0, "num_statements": 0, "percent_covered": 100.0, "percent_covered_display": "100", "missing_lines": 0, "excluded_lines": 0, "percent_statements_covered": 100.0, "percent_statements_covered_display": "100"}, "missing_lines": [], "excluded_lines": [], "start_line": 97}, "CapaStructureError": {"executed_lines": [], "summary": {"covered_lines": 0, "num_statements": 0, "percent_covered": 100.0, "percent_covered_display": "100", "missing_lines": 0, "excluded_lines": 0, "percent_statements_covered": 100.0, "percent_statements_covered_display": "100"}, "missing_lines": [], "excluded_lines": [], "start_line": 101}, "": {"executed_lines": [56, 58, 59, 60, 62, 73, 76, 78, 81, 84, 87, 88, 89, 90, 93, 97, 101, 105, 121, 122, 123, 124, 128, 129, 130, 131, 132, 133, 134, 135, 136, 137, 138, 139, 140, 141, 149, 152, 153, 154, 155, 156, 157, 158, 159, 162, 165, 166, 167, 168, 169, 170, 171, 174, 175, 176, 178, 179, 180, 181, 184, 187, 188, 189, 191, 192, 193, 194, 197, 198, 199, 200, 201, 202, 203, 204, 206, 209, 210, 215, 218, 221, 222, 223, 224, 225, 226, 227, 228, 229, 230, 233, 243, 244, 245, 246, 247, 251, 252, 253, 254, 255], "summary": {"covered_lines": 102, "num_statements": 102, "percent_covered": 100.0, "percent_covered_display": "100", "missing_lines": 0, "excluded_lines": 0, "percent_statements_covered": 100.0, "percent_statements_covered_display": "100"}, "missing_lines": [], "excluded_lines": [], "start_line": 1}}}, "src/guardrail/contracts.py": {"executed_lines": [29, 31, 32, 34, 58, 61, 62, 63, 66, 69, 70, 71, 77, 80, 81, 82, 83, 84, 87, 90, 91, 92, 93, 96, 99, 100, 101, 102, 103, 106, 109, 110, 111, 112, 113, 114, 117, 120, 121, 122, 123, 124, 125, 128, 131, 132, 135, 138, 139, 140, 141, 144, 147, 148, 151, 154, 155, 156, 157, 163, 171, 172, 173, 174, 177, 180, 181, 182, 185, 192, 193, 194, 197, 203, 204, 205, 206, 207, 208, 209, 210, 211, 212, 213, 214, 215, 221, 224, 225, 226, 229, 236, 237, 238, 239, 240, 241, 242, 243, 244], "summary": {"covered_lines": 100, "num_statements": 100, "percent_covered": 100.0, "percent_covered_display": "100", "missing_lines": 0, "excluded_lines": 0, "percent_statements_covered": 100.0, "percent_statements_covered_display": "100"}, "missing_lines": [], "excluded_lines": [], "functions": {"": {"executed_lines": [29, 31, 32, 34, 58, 61, 62, 63, 66, 69, 70, 71, 77, 80, 81, 82, 83, 84, 87, 90, 91, 92, 93, 96, 99, 100, 101, 102, 103, 106, 109, 110, 111, 112, 113, 114, 117, 120, 121, 122, 123, 124, 125, 128, 131, 132, 135, 138, 139, 140, 141, 144, 147, 148, 151, 154, 155, 156, 157, 163, 171, 172, 173, 174, 177, 180, 181, 182, 185, 192, 193, 194, 197, 203, 204, 205, 206, 207, 208, 209, 210, 211, 212, 213, 214, 215, 221, 224, 225, 226, 229, 236, 237, 238, 239, 240, 241, 242, 243, 244], "summary": {"covered_lines": 100, "num_statements": 100, "percent_covered": 100.0, "percent_covered_display": "100", "missing_lines": 0, "excluded_lines": 0, "percent_statements_covered": 100.0, "percent_statements_covered_display": "100"}, "missing_lines": [], "excluded_lines": [], "start_line": 1}}, "classes": {"ProcessingState": {"executed_lines": [], "summary": {"covered_lines": 0, "num_statements": 0, "percent_covered": 100.0, "percent_covered_display": "100", "missing_lines": 0, "excluded_lines": 0, "percent_statements_covered": 100.0, "percent_statements_covered_display": "100"}, "missing_lines": [], "excluded_lines": [], "start_line": 58}, "DetectionState": {"executed_lines": [], "summary": {"covered_lines": 0, "num_statements": 0, "percent_covered": 100.0, "percent_covered_display": "100", "missing_lines": 0, "excluded_lines": 0, "percent_statements_covered": 100.0, "percent_statements_covered_display": "100"}, "missing_lines": [], "excluded_lines": [], "start_line": 66}, "PipelineAction": {"executed_lines": [], "summary": {"covered_lines": 0, "num_statements": 0, "percent_covered": 100.0, "percent_covered_display": "100", "missing_lines": 0, "excluded_lines": 0, "percent_statements_covered": 100.0, "percent_statements_covered_display": "100"}, "missing_lines": [], "excluded_lines": [], "start_line": 77}, "PolicyDecision": {"executed_lines": [], "summary": {"covered_lines": 0, "num_statements": 0, "percent_covered": 100.0, "percent_covered_display": "100", "missing_lines": 0, "excluded_lines": 0, "percent_statements_covered": 100.0, "percent_statements_covered_display": "100"}, "missing_lines": [], "excluded_lines": [], "start_line": 87}, "ProvenanceType": {"executed_lines": [], "summary": {"covered_lines": 0, "num_statements": 0, "percent_covered": 100.0, "percent_covered_display": "100", "missing_lines": 0, "excluded_lines": 0, "percent_statements_covered": 100.0, "percent_statements_covered_display": "100"}, "missing_lines": [], "excluded_lines": [], "start_line": 96}, "DetectionSource": {"executed_lines": [], "summary": {"covered_lines": 0, "num_statements": 0, "percent_covered": 100.0, "percent_covered_display": "100", "missing_lines": 0, "excluded_lines": 0, "percent_statements_covered": 100.0, "percent_statements_covered_display": "100"}, "missing_lines": [], "excluded_lines": [], "start_line": 106}, "DetectorName": {"executed_lines": [], "summary": {"covered_lines": 0, "num_statements": 0, "percent_covered": 100.0, "percent_covered_display": "100", "missing_lines": 0, "excluded_lines": 0, "percent_statements_covered": 100.0, "percent_statements_covered_display": "100"}, "missing_lines": [], "excluded_lines": [], "start_line": 117}, "StatusFlag": {"executed_lines": [], "summary": {"covered_lines": 0, "num_statements": 0, "percent_covered": 100.0, "percent_covered_display": "100", "missing_lines": 0, "excluded_lines": 0, "percent_statements_covered": 100.0, "percent_statements_covered_display": "100"}, "missing_lines": [], "excluded_lines": [], "start_line": 128}, "OwaspLlmMapping": {"executed_lines": [], "summary": {"covered_lines": 0, "num_statements": 0, "percent_covered": 100.0, "percent_covered_display": "100", "missing_lines": 0, "excluded_lines": 0, "percent_statements_covered": 100.0, "percent_statements_covered_display": "100"}, "missing_lines": [], "excluded_lines": [], "start_line": 135}, "ReportStatus": {"executed_lines": [], "summary": {"covered_lines": 0, "num_statements": 0, "percent_covered": 100.0, "percent_covered_display": "100", "missing_lines": 0, "excluded_lines": 0, "percent_statements_covered": 100.0, "percent_statements_covered_display": "100"}, "missing_lines": [], "excluded_lines": [], "start_line": 144}, "Verdict": {"executed_lines": [], "summary": {"covered_lines": 0, "num_statements": 0, "percent_covered": 100.0, "percent_covered_display": "100", "missing_lines": 0, "excluded_lines": 0, "percent_statements_covered": 100.0, "percent_statements_covered_display": "100"}, "missing_lines": [], "excluded_lines": [], "start_line": 151}, "Provenance": {"executed_lines": [], "summary": {"covered_lines": 0, "num_statements": 0, "percent_covered": 100.0, "percent_covered_display": "100", "missing_lines": 0, "excluded_lines": 0, "percent_statements_covered": 100.0, "percent_statements_covered_display": "100"}, "missing_lines": [], "excluded_lines": [], "start_line": 163}, "DetectionMethod": {"executed_lines": [], "summary": {"covered_lines": 0, "num_statements": 0, "percent_covered": 100.0, "percent_covered_display": "100", "missing_lines": 0, "excluded_lines": 0, "percent_statements_covered": 100.0, "percent_statements_covered_display": "100"}, "missing_lines": [], "excluded_lines": [], "start_line": 177}, "MitreAtlasMapping": {"executed_lines": [], "summary": {"covered_lines": 0, "num_statements": 0, "percent_covered": 100.0, "percent_covered_display": "100", "missing_lines": 0, "excluded_lines": 0, "percent_statements_covered": 100.0, "percent_statements_covered_display": "100"}, "missing_lines": [], "excluded_lines": [], "start_line": 185}, "EvidenceRecord": {"executed_lines": [], "summary": {"covered_lines": 0, "num_statements": 0, "percent_covered": 100.0, "percent_covered_display": "100", "missing_lines": 0, "excluded_lines": 0, "percent_statements_covered": 100.0, "percent_statements_covered_display": "100"}, "missing_lines": [], "excluded_lines": [], "start_line": 197}, "MitreAttackCapability": {"executed_lines": [], "summary": {"covered_lines": 0, "num_statements": 0, "percent_covered": 100.0, "percent_covered_display": "100", "missing_lines": 0, "excluded_lines": 0, "percent_statements_covered": 100.0, "percent_statements_covered_display": "100"}, "missing_lines": [], "excluded_lines": [], "start_line": 221}, "FinalReport": {"executed_lines": [], "summary": {"covered_lines": 0, "num_statements": 0, "percent_covered": 100.0, "percent_covered_display": "100", "missing_lines": 0, "excluded_lines": 0, "percent_statements_covered": 100.0, "percent_statements_covered_display": "100"}, "missing_lines": [], "excluded_lines": [], "start_line": 229}, "": {"executed_lines": [29, 31, 32, 34, 58, 61, 62, 63, 66, 69, 70, 71, 77, 80, 81, 82, 83, 84, 87, 90, 91, 92, 93, 96, 99, 100, 101, 102, 103, 106, 109, 110, 111, 112, 113, 114, 117, 120, 121, 122, 123, 124, 125, 128, 131, 132, 135, 138, 139, 140, 141, 144, 147, 148, 151, 154, 155, 156, 157, 163, 171, 172, 173, 174, 177, 180, 181, 182, 185, 192, 193, 194, 197, 203, 204, 205, 206, 207, 208, 209, 210, 211, 212, 213, 214, 215, 221, 224, 225, 226, 229, 236, 237, 238, 239, 240, 241, 242, 243, 244], "summary": {"covered_lines": 100, "num_statements": 100, "percent_covered": 100.0, "percent_covered_display": "100", "missing_lines": 0, "excluded_lines": 0, "percent_statements_covered": 100.0, "percent_statements_covered_display": "100"}, "missing_lines": [], "excluded_lines": [], "start_line": 1}}}, "src/guardrail/evaluation/__init__.py": {"executed_lines": [], "summary": {"covered_lines": 0, "num_statements": 2, "percent_covered": 0.0, "percent_covered_display": "0", "missing_lines": 2, "excluded_lines": 0, "percent_statements_covered": 0.0, "percent_statements_covered_display": "0"}, "missing_lines": [9, 33], "excluded_lines": [], "functions": {"": {"executed_lines": [], "summary": {"covered_lines": 0, "num_statements": 2, "percent_covered": 0.0, "percent_covered_display": "0", "missing_lines": 2, "excluded_lines": 0, "percent_statements_covered": 0.0, "percent_statements_covered_display": "0"}, "missing_lines": [9, 33], "excluded_lines": [], "start_line": 1}}, "classes": {"": {"executed_lines": [], "summary": {"covered_lines": 0, "num_statements": 2, "percent_covered": 0.0, "percent_covered_display": "0", "missing_lines": 2, "excluded_lines": 0, "percent_statements_covered": 0.0, "percent_statements_covered_display": "0"}, "missing_lines": [9, 33], "excluded_lines": [], "start_line": 1}}}, "src/guardrail/evaluation/dataset_protocol.py": {"executed_lines": [], "summary": {"covered_lines": 0, "num_statements": 255, "percent_covered": 0.0, "percent_covered_display": "0", "missing_lines": 255, "excluded_lines": 0, "percent_statements_covered": 0.0, "percent_statements_covered_display": "0"}, "missing_lines": [37, 39, 40, 41, 42, 43, 45, 73, 76, 77, 78, 81, 82, 85, 86, 89, 92, 95, 96, 99, 102, 103, 106, 109, 110, 113, 116, 117, 121, 128, 129, 135, 138, 139, 142, 145, 146, 147, 150, 153, 154, 155, 158, 161, 162, 163, 164, 165, 166, 172, 174, 175, 176, 179, 181, 182, 185, 187, 190, 191, 194, 195, 198, 199, 202, 203, 206, 216, 217, 218, 232, 241, 242, 243, 244, 245, 246, 247, 248, 249, 250, 259, 268, 269, 272, 274, 275, 276, 277, 278, 280, 281, 282, 288, 290, 291, 292, 295, 297, 298, 299, 305, 307, 308, 309, 312, 314, 315, 316, 317, 318, 324, 325, 332, 333, 341, 344, 352, 353, 354, 360, 362, 363, 364, 365, 366, 367, 368, 369, 370, 371, 374, 381, 382, 383, 384, 385, 388, 390, 391, 392, 393, 394, 397, 399, 400, 401, 402, 403, 404, 405, 406, 408, 409, 410, 413, 414, 420, 422, 434, 442, 443, 444, 445, 446, 447, 449, 450, 451, 461, 463, 464, 465, 466, 467, 474, 475, 476, 479, 489, 491, 492, 493, 494, 497, 499, 500, 501, 502, 504, 505, 506, 509, 511, 512, 513, 514, 518, 519, 521, 522, 523, 524, 528, 529, 531, 532, 533, 534, 535, 536, 537, 544, 551, 552, 553, 555, 559, 560, 562, 565, 568, 569, 570, 572, 573, 574, 581, 582, 590, 591, 592, 593, 594, 595, 599, 600, 601, 603, 605, 606, 607, 610, 611, 618, 619, 626, 627, 628, 634, 635, 642, 643, 650, 652], "excluded_lines": [], "functions": {"format_metric": {"executed_lines": [], "summary": {"covered_lines": 0, "num_statements": 3, "percent_covered": 0.0, "percent_covered_display": "0", "missing_lines": 3, "excluded_lines": 0, "percent_statements_covered": 0.0, "percent_statements_covered_display": "0"}, "missing_lines": [174, 175, 176], "excluded_lines": [], "start_line": 172}, "load_manifest": {"executed_lines": [], "summary": {"covered_lines": 0, "num_statements": 2, "percent_covered": 0.0, "percent_covered_display": "0", "missing_lines": 2, "excluded_lines": 0, "percent_statements_covered": 0.0, "percent_statements_covered_display": "0"}, "missing_lines": [181, 182], "excluded_lines": [], "start_line": 179}, "validate_manifest_file": {"executed_lines": [], "summary": {"covered_lines": 0, "num_statements": 1, "percent_covered": 0.0, "percent_covered_display": "0", "missing_lines": 1, "excluded_lines": 0, "percent_statements_covered": 0.0, "percent_statements_covered_display": "0"}, "missing_lines": [187], "excluded_lines": [], "start_line": 185}, "_error": {"executed_lines": [], "summary": {"covered_lines": 0, "num_statements": 1, "percent_covered": 0.0, "percent_covered_display": "0", "missing_lines": 1, "excluded_lines": 0, "percent_statements_covered": 0.0, "percent_statements_covered_display": "0"}, "missing_lines": [191], "excluded_lines": [], "start_line": 190}, "_type_name": {"executed_lines": [], "summary": {"covered_lines": 0, "num_statements": 1, "percent_covered": 0.0, "percent_covered_display": "0", "missing_lines": 1, "excluded_lines": 0, "percent_statements_covered": 0.0, "percent_statements_covered_display": "0"}, "missing_lines": [195], "excluded_lines": [], "start_line": 194}, "_is_text": {"executed_lines": [], "summary": {"covered_lines": 0, "num_statements": 1, "percent_covered": 0.0, "percent_covered_display": "0", "missing_lines": 1, "excluded_lines": 0, "percent_statements_covered": 0.0, "percent_statements_covered_display": "0"}, "missing_lines": [199], "excluded_lines": [], "start_line": 198}, "_is_number": {"executed_lines": [], "summary": {"covered_lines": 0, "num_statements": 1, "percent_covered": 0.0, "percent_covered_display": "0", "missing_lines": 1, "excluded_lines": 0, "percent_statements_covered": 0.0, "percent_statements_covered_display": "0"}, "missing_lines": [203], "excluded_lines": [], "start_line": 202}, "_build_report": {"executed_lines": [], "summary": {"covered_lines": 0, "num_statements": 3, "percent_covered": 0.0, "percent_covered_display": "0", "missing_lines": 3, "excluded_lines": 0, "percent_statements_covered": 0.0, "percent_statements_covered_display": "0"}, "missing_lines": [216, 217, 218], "excluded_lines": [], "start_line": 206}, "_check_family": {"executed_lines": [], "summary": {"covered_lines": 0, "num_statements": 10, "percent_covered": 0.0, "percent_covered_display": "0", "missing_lines": 10, "excluded_lines": 0, "percent_statements_covered": 0.0, "percent_statements_covered_display": "0"}, "missing_lines": [241, 242, 243, 244, 245, 246, 247, 248, 249, 250], "excluded_lines": [], "start_line": 232}, "_check_member": {"executed_lines": [], "summary": {"covered_lines": 0, "num_statements": 34, "percent_covered": 0.0, "percent_covered_display": "0", "missing_lines": 34, "excluded_lines": 0, "percent_statements_covered": 0.0, "percent_statements_covered_display": "0"}, "missing_lines": [268, 269, 272, 274, 275, 276, 277, 278, 280, 281, 282, 288, 290, 291, 292, 295, 297, 298, 299, 305, 307, 308, 309, 312, 314, 315, 316, 317, 318, 324, 325, 332, 333, 341], "excluded_lines": [], "start_line": 259}, "_check_invariance": {"executed_lines": [], "summary": {"covered_lines": 0, "num_statements": 14, "percent_covered": 0.0, "percent_covered_display": "0", "missing_lines": 14, "excluded_lines": 0, "percent_statements_covered": 0.0, "percent_statements_covered_display": "0"}, "missing_lines": [352, 353, 354, 360, 362, 363, 364, 365, 366, 367, 368, 369, 370, 371], "excluded_lines": [], "start_line": 344}, "_check_declared_rejections": {"executed_lines": [], "summary": {"covered_lines": 0, "num_statements": 27, "percent_covered": 0.0, "percent_covered_display": "0", "missing_lines": 27, "excluded_lines": 0, "percent_statements_covered": 0.0, "percent_statements_covered_display": "0"}, "missing_lines": [381, 382, 383, 384, 385, 388, 390, 391, 392, 393, 394, 397, 399, 400, 401, 402, 403, 404, 405, 406, 408, 409, 410, 413, 414, 420, 422], "excluded_lines": [], "start_line": 374}, "validate_manifest": {"executed_lines": [], "summary": {"covered_lines": 0, "num_statements": 95, "percent_covered": 0.0, "percent_covered_display": "0", "missing_lines": 95, "excluded_lines": 0, "percent_statements_covered": 0.0, "percent_statements_covered_display": "0"}, "missing_lines": [442, 443, 444, 445, 446, 447, 449, 450, 451, 461, 463, 464, 465, 466, 467, 474, 475, 476, 479, 489, 491, 492, 493, 494, 497, 499, 500, 501, 502, 504, 505, 506, 509, 511, 512, 513, 514, 518, 519, 521, 522, 523, 524, 528, 529, 531, 532, 533, 534, 535, 536, 537, 544, 551, 552, 553, 555, 559, 560, 562, 565, 568, 569, 570, 572, 573, 574, 581, 582, 590, 591, 592, 593, 594, 595, 599, 600, 601, 603, 605, 606, 607, 610, 611, 618, 619, 626, 627, 628, 634, 635, 642, 643, 650, 652], "excluded_lines": [], "start_line": 434}, "": {"executed_lines": [], "summary": {"covered_lines": 0, "num_statements": 62, "percent_covered": 0.0, "percent_covered_display": "0", "missing_lines": 62, "excluded_lines": 0, "percent_statements_covered": 0.0, "percent_statements_covered_display": "0"}, "missing_lines": [37, 39, 40, 41, 42, 43, 45, 73, 76, 77, 78, 81, 82, 85, 86, 89, 92, 95, 96, 99, 102, 103, 106, 109, 110, 113, 116, 117, 121, 128, 129, 135, 138, 139, 142, 145, 146, 147, 150, 153, 154, 155, 158, 161, 162, 163, 164, 165, 166, 172, 179, 185, 190, 194, 198, 202, 206, 232, 259, 344, 374, 434], "excluded_lines": [], "start_line": 1}}, "classes": {"PairOrigin": {"executed_lines": [], "summary": {"covered_lines": 0, "num_statements": 0, "percent_covered": 100.0, "percent_covered_display": "100", "missing_lines": 0, "excluded_lines": 0, "percent_statements_covered": 100.0, "percent_statements_covered_display": "100"}, "missing_lines": [], "excluded_lines": [], "start_line": 92}, "MemberRole": {"executed_lines": [], "summary": {"covered_lines": 0, "num_statements": 0, "percent_covered": 100.0, "percent_covered_display": "100", "missing_lines": 0, "excluded_lines": 0, "percent_statements_covered": 100.0, "percent_statements_covered_display": "100"}, "missing_lines": [], "excluded_lines": [], "start_line": 99}, "MalwareBehavior": {"executed_lines": [], "summary": {"covered_lines": 0, "num_statements": 0, "percent_covered": 100.0, "percent_covered_display": "100", "missing_lines": 0, "excluded_lines": 0, "percent_statements_covered": 100.0, "percent_statements_covered_display": "100"}, "missing_lines": [], "excluded_lines": [], "start_line": 106}, "Split": {"executed_lines": [], "summary": {"covered_lines": 0, "num_statements": 0, "percent_covered": 100.0, "percent_covered_display": "100", "missing_lines": 0, "excluded_lines": 0, "percent_statements_covered": 100.0, "percent_statements_covered_display": "100"}, "missing_lines": [], "excluded_lines": [], "start_line": 113}, "DatasetError": {"executed_lines": [], "summary": {"covered_lines": 0, "num_statements": 0, "percent_covered": 100.0, "percent_covered_display": "100", "missing_lines": 0, "excluded_lines": 0, "percent_statements_covered": 100.0, "percent_statements_covered_display": "100"}, "missing_lines": [], "excluded_lines": [], "start_line": 135}, "PairRejection": {"executed_lines": [], "summary": {"covered_lines": 0, "num_statements": 0, "percent_covered": 100.0, "percent_covered_display": "100", "missing_lines": 0, "excluded_lines": 0, "percent_statements_covered": 100.0, "percent_statements_covered_display": "100"}, "missing_lines": [], "excluded_lines": [], "start_line": 142}, "DatasetCounts": {"executed_lines": [], "summary": {"covered_lines": 0, "num_statements": 0, "percent_covered": 100.0, "percent_covered_display": "100", "missing_lines": 0, "excluded_lines": 0, "percent_statements_covered": 100.0, "percent_statements_covered_display": "100"}, "missing_lines": [], "excluded_lines": [], "start_line": 150}, "DatasetValidationReport": {"executed_lines": [], "summary": {"covered_lines": 0, "num_statements": 0, "percent_covered": 100.0, "percent_covered_display": "100", "missing_lines": 0, "excluded_lines": 0, "percent_statements_covered": 100.0, "percent_statements_covered_display": "100"}, "missing_lines": [], "excluded_lines": [], "start_line": 158}, "": {"executed_lines": [], "summary": {"covered_lines": 0, "num_statements": 255, "percent_covered": 0.0, "percent_covered_display": "0", "missing_lines": 255, "excluded_lines": 0, "percent_statements_covered": 0.0, "percent_statements_covered_display": "0"}, "missing_lines": [37, 39, 40, 41, 42, 43, 45, 73, 76, 77, 78, 81, 82, 85, 86, 89, 92, 95, 96, 99, 102, 103, 106, 109, 110, 113, 116, 117, 121, 128, 129, 135, 138, 139, 142, 145, 146, 147, 150, 153, 154, 155, 158, 161, 162, 163, 164, 165, 166, 172, 174, 175, 176, 179, 181, 182, 185, 187, 190, 191, 194, 195, 198, 199, 202, 203, 206, 216, 217, 218, 232, 241, 242, 243, 244, 245, 246, 247, 248, 249, 250, 259, 268, 269, 272, 274, 275, 276, 277, 278, 280, 281, 282, 288, 290, 291, 292, 295, 297, 298, 299, 305, 307, 308, 309, 312, 314, 315, 316, 317, 318, 324, 325, 332, 333, 341, 344, 352, 353, 354, 360, 362, 363, 364, 365, 366, 367, 368, 369, 370, 371, 374, 381, 382, 383, 384, 385, 388, 390, 391, 392, 393, 394, 397, 399, 400, 401, 402, 403, 404, 405, 406, 408, 409, 410, 413, 414, 420, 422, 434, 442, 443, 444, 445, 446, 447, 449, 450, 451, 461, 463, 464, 465, 466, 467, 474, 475, 476, 479, 489, 491, 492, 493, 494, 497, 499, 500, 501, 502, 504, 505, 506, 509, 511, 512, 513, 514, 518, 519, 521, 522, 523, 524, 528, 529, 531, 532, 533, 534, 535, 536, 537, 544, 551, 552, 553, 555, 559, 560, 562, 565, 568, 569, 570, 572, 573, 574, 581, 582, 590, 591, 592, 593, 594, 595, 599, 600, 601, 603, 605, 606, 607, 610, 611, 618, 619, 626, 627, 628, 634, 635, 642, 643, 650, 652], "excluded_lines": [], "start_line": 1}}}, "src/guardrail/evaluation/metrics.py": {"executed_lines": [], "summary": {"covered_lines": 0, "num_statements": 319, "percent_covered": 0.0, "percent_covered_display": "0", "missing_lines": 319, "excluded_lines": 0, "percent_statements_covered": 0.0, "percent_statements_covered_display": "0"}, "missing_lines": [47, 49, 50, 51, 52, 54, 104, 105, 107, 108, 111, 118, 125, 128, 131, 134, 137, 138, 140, 141, 142, 144, 145, 146, 148, 155, 222, 257, 263, 264, 265, 266, 269, 272, 273, 276, 279, 280, 283, 292, 293, 294, 295, 296, 297, 298, 299, 300, 301, 302, 303, 304, 310, 313, 314, 315, 316, 317, 318, 319, 322, 325, 326, 327, 328, 329, 330, 331, 334, 337, 338, 339, 340, 341, 342, 343, 344, 345, 346, 347, 348, 349, 352, 355, 356, 357, 360, 363, 364, 365, 366, 369, 372, 373, 374, 375, 376, 377, 378, 379, 380, 381, 384, 387, 388, 389, 390, 391, 392, 393, 394, 395, 398, 401, 402, 403, 404, 405, 406, 409, 412, 413, 414, 415, 416, 417, 418, 419, 420, 421, 422, 428, 434, 435, 436, 437, 438, 439, 440, 441, 442, 443, 444, 445, 448, 450, 455, 457, 460, 462, 465, 467, 470, 472, 475, 477, 480, 482, 488, 492, 493, 494, 495, 496, 498, 499, 502, 503, 506, 507, 508, 521, 530, 532, 533, 534, 535, 537, 538, 539, 540, 542, 543, 544, 545, 547, 548, 549, 550, 552, 553, 555, 607, 621, 629, 630, 631, 645, 649, 650, 651, 652, 653, 654, 655, 667, 673, 684, 685, 686, 687, 688, 689, 690, 691, 692, 694, 695, 696, 697, 698, 700, 722, 730, 731, 733, 734, 735, 736, 738, 739, 740, 741, 743, 744, 745, 746, 747, 749, 750, 771, 774, 778, 779, 784, 785, 790, 791, 793, 794, 795, 796, 802, 810, 811, 812, 813, 826, 832, 833, 834, 835, 836, 840, 851, 854, 864, 865, 869, 879, 882, 896, 901, 902, 903, 904, 905, 909, 910, 911, 912, 913, 918, 930, 931, 932, 938, 940, 943, 944, 945, 946, 947, 950, 952, 953, 954, 958, 959, 960, 972, 987, 988, 989, 990, 1016, 1017, 1018, 1019, 1020, 1025, 1033, 1037, 1038, 1066, 1067, 1068, 1072, 1078], "excluded_lines": [], "functions": {"percentile": {"executed_lines": [], "summary": {"covered_lines": 0, "num_statements": 12, "percent_covered": 0.0, "percent_covered_display": "0", "missing_lines": 12, "excluded_lines": 0, "percent_statements_covered": 0.0, "percent_statements_covered_display": "0"}, "missing_lines": [434, 435, 436, 437, 438, 439, 440, 441, 442, 443, 444, 445], "excluded_lines": [], "start_line": 428}, "percentiles": {"executed_lines": [], "summary": {"covered_lines": 0, "num_statements": 1, "percent_covered": 0.0, "percent_covered_display": "0", "missing_lines": 1, "excluded_lines": 0, "percent_statements_covered": 0.0, "percent_statements_covered_display": "0"}, "missing_lines": [450], "excluded_lines": [], "start_line": 448}, "_rate": {"executed_lines": [], "summary": {"covered_lines": 0, "num_statements": 1, "percent_covered": 0.0, "percent_covered_display": "0", "missing_lines": 1, "excluded_lines": 0, "percent_statements_covered": 0.0, "percent_statements_covered_display": "0"}, "missing_lines": [457], "excluded_lines": [], "start_line": 455}, "_rate_display": {"executed_lines": [], "summary": {"covered_lines": 0, "num_statements": 1, "percent_covered": 0.0, "percent_covered_display": "0", "missing_lines": 1, "excluded_lines": 0, "percent_statements_covered": 0.0, "percent_statements_covered_display": "0"}, "missing_lines": [462], "excluded_lines": [], "start_line": 460}, "_seconds_display": {"executed_lines": [], "summary": {"covered_lines": 0, "num_statements": 1, "percent_covered": 0.0, "percent_covered_display": "0", "missing_lines": 1, "excluded_lines": 0, "percent_statements_covered": 0.0, "percent_statements_covered_display": "0"}, "missing_lines": [467], "excluded_lines": [], "start_line": 465}, "_is_number": {"executed_lines": [], "summary": {"covered_lines": 0, "num_statements": 1, "percent_covered": 0.0, "percent_covered_display": "0", "missing_lines": 1, "excluded_lines": 0, "percent_statements_covered": 0.0, "percent_statements_covered_display": "0"}, "missing_lines": [472], "excluded_lines": [], "start_line": 470}, "_flag": {"executed_lines": [], "summary": {"covered_lines": 0, "num_statements": 1, "percent_covered": 0.0, "percent_covered_display": "0", "missing_lines": 1, "excluded_lines": 0, "percent_statements_covered": 0.0, "percent_statements_covered_display": "0"}, "missing_lines": [477], "excluded_lines": [], "start_line": 475}, "_is_abstained": {"executed_lines": [], "summary": {"covered_lines": 0, "num_statements": 1, "percent_covered": 0.0, "percent_covered_display": "0", "missing_lines": 1, "excluded_lines": 0, "percent_statements_covered": 0.0, "percent_statements_covered_display": "0"}, "missing_lines": [482], "excluded_lines": [], "start_line": 480}, "_rows_for_split": {"executed_lines": [], "summary": {"covered_lines": 0, "num_statements": 7, "percent_covered": 0.0, "percent_covered_display": "0", "missing_lines": 7, "excluded_lines": 0, "percent_statements_covered": 0.0, "percent_statements_covered_display": "0"}, "missing_lines": [492, 493, 494, 495, 496, 498, 499], "excluded_lines": [], "start_line": 488}, "_in_groups": {"executed_lines": [], "summary": {"covered_lines": 0, "num_statements": 1, "percent_covered": 0.0, "percent_covered_display": "0", "missing_lines": 1, "excluded_lines": 0, "percent_statements_covered": 0.0, "percent_statements_covered_display": "0"}, "missing_lines": [503], "excluded_lines": [], "start_line": 502}, "_not_reported": {"executed_lines": [], "summary": {"covered_lines": 0, "num_statements": 2, "percent_covered": 0.0, "percent_covered_display": "0", "missing_lines": 2, "excluded_lines": 0, "percent_statements_covered": 0.0, "percent_statements_covered_display": "0"}, "missing_lines": [507, 508], "excluded_lines": [], "start_line": 506}, "compute_metrics": {"executed_lines": [], "summary": {"covered_lines": 0, "num_statements": 22, "percent_covered": 0.0, "percent_covered_display": "0", "missing_lines": 22, "excluded_lines": 0, "percent_statements_covered": 0.0, "percent_statements_covered_display": "0"}, "missing_lines": [530, 532, 533, 534, 535, 537, 538, 539, 540, 542, 543, 544, 545, 547, 548, 549, 550, 552, 553, 555, 607, 621], "excluded_lines": [], "start_line": 521}, "_metric": {"executed_lines": [], "summary": {"covered_lines": 0, "num_statements": 2, "percent_covered": 0.0, "percent_covered_display": "0", "missing_lines": 2, "excluded_lines": 0, "percent_statements_covered": 0.0, "percent_statements_covered_display": "0"}, "missing_lines": [630, 631], "excluded_lines": [], "start_line": 629}, "compute_attack_modes": {"executed_lines": [], "summary": {"covered_lines": 0, "num_statements": 8, "percent_covered": 0.0, "percent_covered_display": "0", "missing_lines": 8, "excluded_lines": 0, "percent_statements_covered": 0.0, "percent_statements_covered_display": "0"}, "missing_lines": [649, 650, 651, 652, 653, 654, 655, 667], "excluded_lines": [], "start_line": 645}, "compute_latency": {"executed_lines": [], "summary": {"covered_lines": 0, "num_statements": 15, "percent_covered": 0.0, "percent_covered_display": "0", "missing_lines": 15, "excluded_lines": 0, "percent_statements_covered": 0.0, "percent_statements_covered_display": "0"}, "missing_lines": [684, 685, 686, 687, 688, 689, 690, 691, 692, 694, 695, 696, 697, 698, 700], "excluded_lines": [], "start_line": 673}, "compare_targets": {"executed_lines": [], "summary": {"covered_lines": 0, "num_statements": 18, "percent_covered": 0.0, "percent_covered_display": "0", "missing_lines": 18, "excluded_lines": 0, "percent_statements_covered": 0.0, "percent_statements_covered_display": "0"}, "missing_lines": [730, 731, 733, 734, 735, 736, 738, 739, 740, 741, 743, 744, 745, 746, 747, 749, 750, 771], "excluded_lines": [], "start_line": 722}, "_judge": {"executed_lines": [], "summary": {"covered_lines": 0, "num_statements": 10, "percent_covered": 0.0, "percent_covered_display": "0", "missing_lines": 10, "excluded_lines": 0, "percent_statements_covered": 0.0, "percent_statements_covered_display": "0"}, "missing_lines": [778, 779, 784, 785, 790, 791, 793, 794, 795, 796], "excluded_lines": [], "start_line": 774}, "evaluate_run": {"executed_lines": [], "summary": {"covered_lines": 0, "num_statements": 4, "percent_covered": 0.0, "percent_covered_display": "0", "missing_lines": 4, "excluded_lines": 0, "percent_statements_covered": 0.0, "percent_statements_covered_display": "0"}, "missing_lines": [810, 811, 812, 813], "excluded_lines": [], "start_line": 802}, "comparison_rows": {"executed_lines": [], "summary": {"covered_lines": 0, "num_statements": 12, "percent_covered": 0.0, "percent_covered_display": "0", "missing_lines": 12, "excluded_lines": 0, "percent_statements_covered": 0.0, "percent_statements_covered_display": "0"}, "missing_lines": [832, 833, 834, 835, 836, 840, 851, 854, 864, 865, 869, 879], "excluded_lines": [], "start_line": 826}, "build_report": {"executed_lines": [], "summary": {"covered_lines": 0, "num_statements": 15, "percent_covered": 0.0, "percent_covered_display": "0", "missing_lines": 15, "excluded_lines": 0, "percent_statements_covered": 0.0, "percent_statements_covered_display": "0"}, "missing_lines": [896, 901, 902, 903, 904, 905, 909, 910, 911, 912, 913, 918, 930, 931, 932], "excluded_lines": [], "start_line": 882}, "dump_json": {"executed_lines": [], "summary": {"covered_lines": 0, "num_statements": 1, "percent_covered": 0.0, "percent_covered_display": "0", "missing_lines": 1, "excluded_lines": 0, "percent_statements_covered": 0.0, "percent_statements_covered_display": "0"}, "missing_lines": [940], "excluded_lines": [], "start_line": 938}, "_md_table": {"executed_lines": [], "summary": {"covered_lines": 0, "num_statements": 4, "percent_covered": 0.0, "percent_covered_display": "0", "missing_lines": 4, "excluded_lines": 0, "percent_statements_covered": 0.0, "percent_statements_covered_display": "0"}, "missing_lines": [944, 945, 946, 947], "excluded_lines": [], "start_line": 943}, "to_markdown": {"executed_lines": [], "summary": {"covered_lines": 0, "num_statements": 25, "percent_covered": 0.0, "percent_covered_display": "0", "missing_lines": 25, "excluded_lines": 0, "percent_statements_covered": 0.0, "percent_statements_covered_display": "0"}, "missing_lines": [952, 953, 954, 958, 959, 960, 972, 987, 988, 989, 990, 1016, 1017, 1018, 1019, 1020, 1025, 1033, 1037, 1038, 1066, 1067, 1068, 1072, 1078], "excluded_lines": [], "start_line": 950}, "": {"executed_lines": [], "summary": {"covered_lines": 0, "num_statements": 154, "percent_covered": 0.0, "percent_covered_display": "0", "missing_lines": 154, "excluded_lines": 0, "percent_statements_covered": 0.0, "percent_statements_covered_display": "0"}, "missing_lines": [47, 49, 50, 51, 52, 54, 104, 105, 107, 108, 111, 118, 125, 128, 131, 134, 137, 138, 140, 141, 142, 144, 145, 146, 148, 155, 222, 257, 263, 264, 265, 266, 269, 272, 273, 276, 279, 280, 283, 292, 293, 294, 295, 296, 297, 298, 299, 300, 301, 302, 303, 304, 310, 313, 314, 315, 316, 317, 318, 319, 322, 325, 326, 327, 328, 329, 330, 331, 334, 337, 338, 339, 340, 341, 342, 343, 344, 345, 346, 347, 348, 349, 352, 355, 356, 357, 360, 363, 364, 365, 366, 369, 372, 373, 374, 375, 376, 377, 378, 379, 380, 381, 384, 387, 388, 389, 390, 391, 392, 393, 394, 395, 398, 401, 402, 403, 404, 405, 406, 409, 412, 413, 414, 415, 416, 417, 418, 419, 420, 421, 422, 428, 448, 455, 460, 465, 470, 475, 480, 488, 502, 506, 521, 629, 645, 673, 722, 774, 802, 826, 882, 938, 943, 950], "excluded_lines": [], "start_line": 1}}, "classes": {"AsFlags": {"executed_lines": [], "summary": {"covered_lines": 0, "num_statements": 0, "percent_covered": 100.0, "percent_covered_display": "100", "missing_lines": 0, "excluded_lines": 0, "percent_statements_covered": 100.0, "percent_statements_covered_display": "100"}, "missing_lines": [], "excluded_lines": [], "start_line": 257}, "Obfuscation": {"executed_lines": [], "summary": {"covered_lines": 0, "num_statements": 0, "percent_covered": 100.0, "percent_covered_display": "100", "missing_lines": 0, "excluded_lines": 0, "percent_statements_covered": 100.0, "percent_statements_covered_display": "100"}, "missing_lines": [], "excluded_lines": [], "start_line": 269}, "LatencySamples": {"executed_lines": [], "summary": {"covered_lines": 0, "num_statements": 0, "percent_covered": 100.0, "percent_covered_display": "100", "missing_lines": 0, "excluded_lines": 0, "percent_statements_covered": 100.0, "percent_statements_covered_display": "100"}, "missing_lines": [], "excluded_lines": [], "start_line": 276}, "SampleOutcome": {"executed_lines": [], "summary": {"covered_lines": 0, "num_statements": 0, "percent_covered": 100.0, "percent_covered_display": "100", "missing_lines": 0, "excluded_lines": 0, "percent_statements_covered": 100.0, "percent_statements_covered_display": "100"}, "missing_lines": [], "excluded_lines": [], "start_line": 283}, "MetricValue": {"executed_lines": [], "summary": {"covered_lines": 0, "num_statements": 0, "percent_covered": 100.0, "percent_covered_display": "100", "missing_lines": 0, "excluded_lines": 0, "percent_statements_covered": 100.0, "percent_statements_covered_display": "100"}, "missing_lines": [], "excluded_lines": [], "start_line": 310}, "AttackModeValue": {"executed_lines": [], "summary": {"covered_lines": 0, "num_statements": 0, "percent_covered": 100.0, "percent_covered_display": "100", "missing_lines": 0, "excluded_lines": 0, "percent_statements_covered": 100.0, "percent_statements_covered_display": "100"}, "missing_lines": [], "excluded_lines": [], "start_line": 322}, "TargetRow": {"executed_lines": [], "summary": {"covered_lines": 0, "num_statements": 0, "percent_covered": 100.0, "percent_covered_display": "100", "missing_lines": 0, "excluded_lines": 0, "percent_statements_covered": 100.0, "percent_statements_covered_display": "100"}, "missing_lines": [], "excluded_lines": [], "start_line": 334}, "NotReported": {"executed_lines": [], "summary": {"covered_lines": 0, "num_statements": 0, "percent_covered": 100.0, "percent_covered_display": "100", "missing_lines": 0, "excluded_lines": 0, "percent_statements_covered": 100.0, "percent_statements_covered_display": "100"}, "missing_lines": [], "excluded_lines": [], "start_line": 352}, "MetricReport": {"executed_lines": [], "summary": {"covered_lines": 0, "num_statements": 0, "percent_covered": 100.0, "percent_covered_display": "100", "missing_lines": 0, "excluded_lines": 0, "percent_statements_covered": 100.0, "percent_statements_covered_display": "100"}, "missing_lines": [], "excluded_lines": [], "start_line": 360}, "LatencyReport": {"executed_lines": [], "summary": {"covered_lines": 0, "num_statements": 0, "percent_covered": 100.0, "percent_covered_display": "100", "missing_lines": 0, "excluded_lines": 0, "percent_statements_covered": 100.0, "percent_statements_covered_display": "100"}, "missing_lines": [], "excluded_lines": [], "start_line": 369}, "BaselineReport": {"executed_lines": [], "summary": {"covered_lines": 0, "num_statements": 0, "percent_covered": 100.0, "percent_covered_display": "100", "missing_lines": 0, "excluded_lines": 0, "percent_statements_covered": 100.0, "percent_statements_covered_display": "100"}, "missing_lines": [], "excluded_lines": [], "start_line": 384}, "ComparisonRow": {"executed_lines": [], "summary": {"covered_lines": 0, "num_statements": 0, "percent_covered": 100.0, "percent_covered_display": "100", "missing_lines": 0, "excluded_lines": 0, "percent_statements_covered": 100.0, "percent_statements_covered_display": "100"}, "missing_lines": [], "excluded_lines": [], "start_line": 398}, "EvaluationReport": {"executed_lines": [], "summary": {"covered_lines": 0, "num_statements": 0, "percent_covered": 100.0, "percent_covered_display": "100", "missing_lines": 0, "excluded_lines": 0, "percent_statements_covered": 100.0, "percent_statements_covered_display": "100"}, "missing_lines": [], "excluded_lines": [], "start_line": 409}, "": {"executed_lines": [], "summary": {"covered_lines": 0, "num_statements": 319, "percent_covered": 0.0, "percent_covered_display": "0", "missing_lines": 319, "excluded_lines": 0, "percent_statements_covered": 0.0, "percent_statements_covered_display": "0"}, "missing_lines": [47, 49, 50, 51, 52, 54, 104, 105, 107, 108, 111, 118, 125, 128, 131, 134, 137, 138, 140, 141, 142, 144, 145, 146, 148, 155, 222, 257, 263, 264, 265, 266, 269, 272, 273, 276, 279, 280, 283, 292, 293, 294, 295, 296, 297, 298, 299, 300, 301, 302, 303, 304, 310, 313, 314, 315, 316, 317, 318, 319, 322, 325, 326, 327, 328, 329, 330, 331, 334, 337, 338, 339, 340, 341, 342, 343, 344, 345, 346, 347, 348, 349, 352, 355, 356, 357, 360, 363, 364, 365, 366, 369, 372, 373, 374, 375, 376, 377, 378, 379, 380, 381, 384, 387, 388, 389, 390, 391, 392, 393, 394, 395, 398, 401, 402, 403, 404, 405, 406, 409, 412, 413, 414, 415, 416, 417, 418, 419, 420, 421, 422, 428, 434, 435, 436, 437, 438, 439, 440, 441, 442, 443, 444, 445, 448, 450, 455, 457, 460, 462, 465, 467, 470, 472, 475, 477, 480, 482, 488, 492, 493, 494, 495, 496, 498, 499, 502, 503, 506, 507, 508, 521, 530, 532, 533, 534, 535, 537, 538, 539, 540, 542, 543, 544, 545, 547, 548, 549, 550, 552, 553, 555, 607, 621, 629, 630, 631, 645, 649, 650, 651, 652, 653, 654, 655, 667, 673, 684, 685, 686, 687, 688, 689, 690, 691, 692, 694, 695, 696, 697, 698, 700, 722, 730, 731, 733, 734, 735, 736, 738, 739, 740, 741, 743, 744, 745, 746, 747, 749, 750, 771, 774, 778, 779, 784, 785, 790, 791, 793, 794, 795, 796, 802, 810, 811, 812, 813, 826, 832, 833, 834, 835, 836, 840, 851, 854, 864, 865, 869, 879, 882, 896, 901, 902, 903, 904, 905, 909, 910, 911, 912, 913, 918, 930, 931, 932, 938, 940, 943, 944, 945, 946, 947, 950, 952, 953, 954, 958, 959, 960, 972, 987, 988, 989, 990, 1016, 1017, 1018, 1019, 1020, 1025, 1033, 1037, 1038, 1066, 1067, 1068, 1072, 1078], "excluded_lines": [], "start_line": 1}}}, "src/guardrail/evidence.py": {"executed_lines": [], "summary": {"covered_lines": 0, "num_statements": 223, "percent_covered": 0.0, "percent_covered_display": "0", "missing_lines": 223, "excluded_lines": 0, "percent_statements_covered": 0.0, "percent_statements_covered_display": "0"}, "missing_lines": [33, 35, 36, 37, 39, 52, 54, 70, 71, 72, 75, 77, 82, 86, 90, 91, 92, 93, 94, 95, 96, 99, 103, 112, 113, 114, 115, 116, 117, 118, 119, 120, 121, 122, 125, 133, 134, 135, 136, 137, 138, 139, 140, 141, 147, 148, 149, 150, 153, 154, 155, 156, 159, 162, 163, 164, 165, 166, 167, 168, 171, 172, 173, 174, 175, 181, 193, 198, 199, 202, 205, 206, 207, 208, 211, 212, 213, 214, 215, 216, 217, 218, 221, 222, 225, 226, 227, 228, 229, 230, 231, 232, 233, 234, 237, 243, 248, 249, 250, 251, 252, 255, 256, 257, 258, 259, 260, 261, 262, 276, 279, 282, 287, 288, 295, 296, 297, 298, 299, 300, 301, 304, 307, 311, 312, 313, 316, 321, 322, 325, 326, 329, 330, 331, 332, 333, 334, 335, 336, 337, 340, 341, 342, 343, 344, 345, 346, 347, 348, 349, 350, 351, 357, 373, 374, 375, 376, 377, 378, 379, 408, 411, 412, 413, 416, 419, 433, 434, 435, 456, 469, 470, 471, 472, 473, 478, 479, 480, 483, 486, 505, 506, 507, 508, 510, 511, 513, 515, 525, 527, 529, 530, 540, 542, 543, 544, 546, 547, 549, 550, 551, 552, 553, 555, 556, 557, 558, 561, 562, 563, 564, 565, 566, 572, 593, 598, 601, 619, 628, 648, 653, 656, 674], "excluded_lines": [], "functions": {"_require_str": {"executed_lines": [], "summary": {"covered_lines": 0, "num_statements": 3, "percent_covered": 0.0, "percent_covered_display": "0", "missing_lines": 3, "excluded_lines": 0, "percent_statements_covered": 0.0, "percent_statements_covered_display": "0"}, "missing_lines": [148, 149, 150], "excluded_lines": [], "start_line": 147}, "_require_enum": {"executed_lines": [], "summary": {"covered_lines": 0, "num_statements": 4, "percent_covered": 0.0, "percent_covered_display": "0", "missing_lines": 4, "excluded_lines": 0, "percent_statements_covered": 0.0, "percent_statements_covered_display": "0"}, "missing_lines": [154, 155, 156, 159], "excluded_lines": [], "start_line": 153}, "_require_score": {"executed_lines": [], "summary": {"covered_lines": 0, "num_statements": 6, "percent_covered": 0.0, "percent_covered_display": "0", "missing_lines": 6, "excluded_lines": 0, "percent_statements_covered": 0.0, "percent_statements_covered_display": "0"}, "missing_lines": [163, 164, 165, 166, 167, 168], "excluded_lines": [], "start_line": 162}, "_optional_score": {"executed_lines": [], "summary": {"covered_lines": 0, "num_statements": 4, "percent_covered": 0.0, "percent_covered_display": "0", "missing_lines": 4, "excluded_lines": 0, "percent_statements_covered": 0.0, "percent_statements_covered_display": "0"}, "missing_lines": [172, 173, 174, 175], "excluded_lines": [], "start_line": 171}, "build_provenance": {"executed_lines": [], "summary": {"covered_lines": 0, "num_statements": 4, "percent_covered": 0.0, "percent_covered_display": "0", "missing_lines": 4, "excluded_lines": 0, "percent_statements_covered": 0.0, "percent_statements_covered_display": "0"}, "missing_lines": [193, 198, 199, 202], "excluded_lines": [], "start_line": 181}, "_require_sha256": {"executed_lines": [], "summary": {"covered_lines": 0, "num_statements": 3, "percent_covered": 0.0, "percent_covered_display": "0", "missing_lines": 3, "excluded_lines": 0, "percent_statements_covered": 0.0, "percent_statements_covered_display": "0"}, "missing_lines": [206, 207, 208], "excluded_lines": [], "start_line": 205}, "_normalise_provenance": {"executed_lines": [], "summary": {"covered_lines": 0, "num_statements": 20, "percent_covered": 0.0, "percent_covered_display": "0", "missing_lines": 20, "excluded_lines": 0, "percent_statements_covered": 0.0, "percent_statements_covered_display": "0"}, "missing_lines": [212, 213, 214, 215, 216, 217, 218, 221, 222, 225, 226, 227, 228, 229, 230, 231, 232, 233, 234, 237], "excluded_lines": [], "start_line": 211}, "format_evidence_id": {"executed_lines": [], "summary": {"covered_lines": 0, "num_statements": 5, "percent_covered": 0.0, "percent_covered_display": "0", "missing_lines": 5, "excluded_lines": 0, "percent_statements_covered": 0.0, "percent_statements_covered_display": "0"}, "missing_lines": [248, 249, 250, 251, 252], "excluded_lines": [], "start_line": 243}, "_normalise_methods": {"executed_lines": [], "summary": {"covered_lines": 0, "num_statements": 8, "percent_covered": 0.0, "percent_covered_display": "0", "missing_lines": 8, "excluded_lines": 0, "percent_statements_covered": 0.0, "percent_statements_covered_display": "0"}, "missing_lines": [256, 257, 258, 259, 260, 261, 262, 276], "excluded_lines": [], "start_line": 255}, "_normalise_atlas": {"executed_lines": [], "summary": {"covered_lines": 0, "num_statements": 20, "percent_covered": 0.0, "percent_covered_display": "0", "missing_lines": 20, "excluded_lines": 0, "percent_statements_covered": 0.0, "percent_statements_covered_display": "0"}, "missing_lines": [282, 287, 288, 295, 296, 297, 298, 299, 300, 301, 304, 307, 311, 312, 313, 316, 321, 322, 325, 326], "excluded_lines": [], "start_line": 279}, "_normalise_transform_chain": {"executed_lines": [], "summary": {"covered_lines": 0, "num_statements": 8, "percent_covered": 0.0, "percent_covered_display": "0", "missing_lines": 8, "excluded_lines": 0, "percent_statements_covered": 0.0, "percent_statements_covered_display": "0"}, "missing_lines": [330, 331, 332, 333, 334, 335, 336, 337], "excluded_lines": [], "start_line": 329}, "_normalise_status_flags": {"executed_lines": [], "summary": {"covered_lines": 0, "num_statements": 11, "percent_covered": 0.0, "percent_covered_display": "0", "missing_lines": 11, "excluded_lines": 0, "percent_statements_covered": 0.0, "percent_statements_covered_display": "0"}, "missing_lines": [341, 342, 343, 344, 345, 346, 347, 348, 349, 350, 351], "excluded_lines": [], "start_line": 340}, "build_evidence_record": {"executed_lines": [], "summary": {"covered_lines": 0, "num_statements": 8, "percent_covered": 0.0, "percent_covered_display": "0", "missing_lines": 8, "excluded_lines": 0, "percent_statements_covered": 0.0, "percent_statements_covered_display": "0"}, "missing_lines": [373, 374, 375, 376, 377, 378, 379, 408], "excluded_lines": [], "start_line": 357}, "_require_evidence_id": {"executed_lines": [], "summary": {"covered_lines": 0, "num_statements": 3, "percent_covered": 0.0, "percent_covered_display": "0", "missing_lines": 3, "excluded_lines": 0, "percent_statements_covered": 0.0, "percent_statements_covered_display": "0"}, "missing_lines": [412, 413, 416], "excluded_lines": [], "start_line": 411}, "build_finding_evidence": {"executed_lines": [], "summary": {"covered_lines": 0, "num_statements": 4, "percent_covered": 0.0, "percent_covered_display": "0", "missing_lines": 4, "excluded_lines": 0, "percent_statements_covered": 0.0, "percent_statements_covered_display": "0"}, "missing_lines": [433, 434, 435, 456], "excluded_lines": [], "start_line": 419}, "_coerce_action": {"executed_lines": [], "summary": {"covered_lines": 0, "num_statements": 4, "percent_covered": 0.0, "percent_covered_display": "0", "missing_lines": 4, "excluded_lines": 0, "percent_statements_covered": 0.0, "percent_statements_covered_display": "0"}, "missing_lines": [470, 471, 472, 473], "excluded_lines": [], "start_line": 469}, "_require_seed": {"executed_lines": [], "summary": {"covered_lines": 0, "num_statements": 3, "percent_covered": 0.0, "percent_covered_display": "0", "missing_lines": 3, "excluded_lines": 0, "percent_statements_covered": 0.0, "percent_statements_covered_display": "0"}, "missing_lines": [479, 480, 483], "excluded_lines": [], "start_line": 478}, "emit_policy_evidence": {"executed_lines": [], "summary": {"covered_lines": 0, "num_statements": 28, "percent_covered": 0.0, "percent_covered_display": "0", "missing_lines": 28, "excluded_lines": 0, "percent_statements_covered": 0.0, "percent_statements_covered_display": "0"}, "missing_lines": [505, 506, 507, 508, 510, 511, 513, 527, 542, 543, 544, 546, 547, 549, 550, 551, 552, 553, 555, 556, 557, 558, 561, 562, 563, 564, 565, 566], "excluded_lines": [], "start_line": 486}, "emit_policy_evidence.emit": {"executed_lines": [], "summary": {"covered_lines": 0, "num_statements": 2, "percent_covered": 0.0, "percent_covered_display": "0", "missing_lines": 2, "excluded_lines": 0, "percent_statements_covered": 0.0, "percent_statements_covered_display": "0"}, "missing_lines": [515, 525], "excluded_lines": [], "start_line": 513}, "emit_policy_evidence.emit_findings": {"executed_lines": [], "summary": {"covered_lines": 0, "num_statements": 3, "percent_covered": 0.0, "percent_covered_display": "0", "missing_lines": 3, "excluded_lines": 0, "percent_statements_covered": 0.0, "percent_statements_covered_display": "0"}, "missing_lines": [529, 530, 540], "excluded_lines": [], "start_line": 527}, "build_dispatcher_block_evidence": {"executed_lines": [], "summary": {"covered_lines": 0, "num_statements": 4, "percent_covered": 0.0, "percent_covered_display": "0", "missing_lines": 4, "excluded_lines": 0, "percent_statements_covered": 0.0, "percent_statements_covered_display": "0"}, "missing_lines": [593, 598, 601, 619], "excluded_lines": [], "start_line": 572}, "build_canary_leak_evidence": {"executed_lines": [], "summary": {"covered_lines": 0, "num_statements": 4, "percent_covered": 0.0, "percent_covered_display": "0", "missing_lines": 4, "excluded_lines": 0, "percent_statements_covered": 0.0, "percent_statements_covered_display": "0"}, "missing_lines": [648, 653, 656, 674], "excluded_lines": [], "start_line": 628}, "": {"executed_lines": [], "summary": {"covered_lines": 0, "num_statements": 64, "percent_covered": 0.0, "percent_covered_display": "0", "missing_lines": 64, "excluded_lines": 0, "percent_statements_covered": 0.0, "percent_statements_covered_display": "0"}, "missing_lines": [33, 35, 36, 37, 39, 52, 54, 70, 71, 72, 75, 77, 82, 86, 90, 91, 92, 93, 94, 95, 96, 99, 103, 112, 113, 114, 115, 116, 117, 118, 119, 120, 121, 122, 125, 133, 134, 135, 136, 137, 138, 139, 140, 141, 147, 153, 162, 171, 181, 205, 211, 243, 255, 279, 329, 340, 357, 411, 419, 469, 478, 486, 572, 628], "excluded_lines": [], "start_line": 1}}, "classes": {"EvidenceContractError": {"executed_lines": [], "summary": {"covered_lines": 0, "num_statements": 0, "percent_covered": 100.0, "percent_covered_display": "100", "missing_lines": 0, "excluded_lines": 0, "percent_statements_covered": 100.0, "percent_statements_covered_display": "100"}, "missing_lines": [], "excluded_lines": [], "start_line": 99}, "Finding": {"executed_lines": [], "summary": {"covered_lines": 0, "num_statements": 0, "percent_covered": 100.0, "percent_covered_display": "100", "missing_lines": 0, "excluded_lines": 0, "percent_statements_covered": 100.0, "percent_statements_covered_display": "100"}, "missing_lines": [], "excluded_lines": [], "start_line": 103}, "EvidenceSeed": {"executed_lines": [], "summary": {"covered_lines": 0, "num_statements": 0, "percent_covered": 100.0, "percent_covered_display": "100", "missing_lines": 0, "excluded_lines": 0, "percent_statements_covered": 100.0, "percent_statements_covered_display": "100"}, "missing_lines": [], "excluded_lines": [], "start_line": 125}, "": {"executed_lines": [], "summary": {"covered_lines": 0, "num_statements": 223, "percent_covered": 0.0, "percent_covered_display": "0", "missing_lines": 223, "excluded_lines": 0, "percent_statements_covered": 0.0, "percent_statements_covered_display": "0"}, "missing_lines": [33, 35, 36, 37, 39, 52, 54, 70, 71, 72, 75, 77, 82, 86, 90, 91, 92, 93, 94, 95, 96, 99, 103, 112, 113, 114, 115, 116, 117, 118, 119, 120, 121, 122, 125, 133, 134, 135, 136, 137, 138, 139, 140, 141, 147, 148, 149, 150, 153, 154, 155, 156, 159, 162, 163, 164, 165, 166, 167, 168, 171, 172, 173, 174, 175, 181, 193, 198, 199, 202, 205, 206, 207, 208, 211, 212, 213, 214, 215, 216, 217, 218, 221, 222, 225, 226, 227, 228, 229, 230, 231, 232, 233, 234, 237, 243, 248, 249, 250, 251, 252, 255, 256, 257, 258, 259, 260, 261, 262, 276, 279, 282, 287, 288, 295, 296, 297, 298, 299, 300, 301, 304, 307, 311, 312, 313, 316, 321, 322, 325, 326, 329, 330, 331, 332, 333, 334, 335, 336, 337, 340, 341, 342, 343, 344, 345, 346, 347, 348, 349, 350, 351, 357, 373, 374, 375, 376, 377, 378, 379, 408, 411, 412, 413, 416, 419, 433, 434, 435, 456, 469, 470, 471, 472, 473, 478, 479, 480, 483, 486, 505, 506, 507, 508, 510, 511, 513, 515, 525, 527, 529, 530, 540, 542, 543, 544, 546, 547, 549, 550, 551, 552, 553, 555, 556, 557, 558, 561, 562, 563, 564, 565, 566, 572, 593, 598, 601, 619, 628, 648, 653, 656, 674], "excluded_lines": [], "start_line": 1}}}, "src/guardrail/extraction.py": {"executed_lines": [26, 28, 29, 30, 31, 33, 35, 53, 54, 55, 56, 57, 60, 62, 63, 64, 68, 70, 73, 76, 83, 84, 87, 90, 93, 100, 101, 102, 105, 107, 108, 109, 110, 116, 118, 119, 120, 121, 122, 123, 124, 125, 126, 128, 131, 137, 138, 139, 140, 141, 142, 143, 144, 145, 146, 147, 148, 149, 150, 152, 155, 157, 160, 163, 164, 167, 169, 170, 171, 172, 173, 174, 175, 176, 177, 180, 189, 190, 191, 198, 199, 200, 201, 202, 203, 204, 205, 208, 227, 228, 229, 231, 232, 233, 235, 236, 237, 238, 239, 240, 241, 252, 253, 255, 256], "summary": {"covered_lines": 105, "num_statements": 105, "percent_covered": 100.0, "percent_covered_display": "100", "missing_lines": 0, "excluded_lines": 0, "percent_statements_covered": 100.0, "percent_statements_covered_display": "100"}, "missing_lines": [], "excluded_lines": [], "functions": {"shannon_entropy": {"executed_lines": [107, 108, 109, 110], "summary": {"covered_lines": 4, "num_statements": 4, "percent_covered": 100.0, "percent_covered_display": "100", "missing_lines": 0, "excluded_lines": 0, "percent_statements_covered": 100.0, "percent_statements_covered_display": "100"}, "missing_lines": [], "excluded_lines": [], "start_line": 105}, "_iter_ascii_runs": {"executed_lines": [118, 119, 120, 121, 122, 123, 124, 125, 126, 128], "summary": {"covered_lines": 10, "num_statements": 10, "percent_covered": 100.0, "percent_covered_display": "100", "missing_lines": 0, "excluded_lines": 0, "percent_statements_covered": 100.0, "percent_statements_covered_display": "100"}, "missing_lines": [], "excluded_lines": [], "start_line": 116}, "_iter_utf16le_runs": {"executed_lines": [137, 138, 139, 140, 141, 142, 143, 144, 145, 146, 147, 148, 149, 150, 152], "summary": {"covered_lines": 15, "num_statements": 15, "percent_covered": 100.0, "percent_covered_display": "100", "missing_lines": 0, "excluded_lines": 0, "percent_statements_covered": 100.0, "percent_statements_covered_display": "100"}, "missing_lines": [], "excluded_lines": [], "start_line": 131}, "_candidates": {"executed_lines": [157, 160, 163, 164], "summary": {"covered_lines": 4, "num_statements": 4, "percent_covered": 100.0, "percent_covered_display": "100", "missing_lines": 0, "excluded_lines": 0, "percent_statements_covered": 100.0, "percent_statements_covered_display": "100"}, "missing_lines": [], "excluded_lines": [], "start_line": 155}, "_iter_region_strings": {"executed_lines": [169, 170, 171, 172, 173, 174, 175, 176, 177], "summary": {"covered_lines": 9, "num_statements": 9, "percent_covered": 100.0, "percent_covered_display": "100", "missing_lines": 0, "excluded_lines": 0, "percent_statements_covered": 100.0, "percent_statements_covered_display": "100"}, "missing_lines": [], "excluded_lines": [], "start_line": 167}, "_build_regions": {"executed_lines": [189, 190, 191, 198, 199, 200, 201, 202, 203, 204, 205], "summary": {"covered_lines": 11, "num_statements": 11, "percent_covered": 100.0, "percent_covered_display": "100", "missing_lines": 0, "excluded_lines": 0, "percent_statements_covered": 100.0, "percent_statements_covered_display": "100"}, "missing_lines": [], "excluded_lines": [], "start_line": 180}, "extract_strings": {"executed_lines": [227, 228, 229, 231, 232, 233, 235, 236, 237, 238, 239, 240, 241, 252, 253, 255, 256], "summary": {"covered_lines": 17, "num_statements": 17, "percent_covered": 100.0, "percent_covered_display": "100", "missing_lines": 0, "excluded_lines": 0, "percent_statements_covered": 100.0, "percent_statements_covered_display": "100"}, "missing_lines": [], "excluded_lines": [], "start_line": 208}, "": {"executed_lines": [26, 28, 29, 30, 31, 33, 35, 53, 54, 55, 56, 57, 60, 62, 63, 64, 68, 70, 73, 76, 83, 84, 87, 90, 93, 100, 101, 102, 105, 116, 131, 155, 167, 180, 208], "summary": {"covered_lines": 35, "num_statements": 35, "percent_covered": 100.0, "percent_covered_display": "100", "missing_lines": 0, "excluded_lines": 0, "percent_statements_covered": 100.0, "percent_statements_covered_display": "100"}, "missing_lines": [], "excluded_lines": [], "start_line": 1}}, "classes": {"RawString": {"executed_lines": [], "summary": {"covered_lines": 0, "num_statements": 0, "percent_covered": 100.0, "percent_covered_display": "100", "missing_lines": 0, "excluded_lines": 0, "percent_statements_covered": 100.0, "percent_statements_covered_display": "100"}, "missing_lines": [], "excluded_lines": [], "start_line": 76}, "ExtractedString": {"executed_lines": [], "summary": {"covered_lines": 0, "num_statements": 0, "percent_covered": 100.0, "percent_covered_display": "100", "missing_lines": 0, "excluded_lines": 0, "percent_statements_covered": 100.0, "percent_statements_covered_display": "100"}, "missing_lines": [], "excluded_lines": [], "start_line": 87}, "ExtractionResult": {"executed_lines": [], "summary": {"covered_lines": 0, "num_statements": 0, "percent_covered": 100.0, "percent_covered_display": "100", "missing_lines": 0, "excluded_lines": 0, "percent_statements_covered": 100.0, "percent_statements_covered_display": "100"}, "missing_lines": [], "excluded_lines": [], "start_line": 93}, "": {"executed_lines": [26, 28, 29, 30, 31, 33, 35, 53, 54, 55, 56, 57, 60, 62, 63, 64, 68, 70, 73, 76, 83, 84, 87, 90, 93, 100, 101, 102, 105, 107, 108, 109, 110, 116, 118, 119, 120, 121, 122, 123, 124, 125, 126, 128, 131, 137, 138, 139, 140, 141, 142, 143, 144, 145, 146, 147, 148, 149, 150, 152, 155, 157, 160, 163, 164, 167, 169, 170, 171, 172, 173, 174, 175, 176, 177, 180, 189, 190, 191, 198, 199, 200, 201, 202, 203, 204, 205, 208, 227, 228, 229, 231, 232, 233, 235, 236, 237, 238, 239, 240, 241, 252, 253, 255, 256], "summary": {"covered_lines": 105, "num_statements": 105, "percent_covered": 100.0, "percent_covered_display": "100", "missing_lines": 0, "excluded_lines": 0, "percent_statements_covered": 100.0, "percent_statements_covered_display": "100"}, "missing_lines": [], "excluded_lines": [], "start_line": 1}}}, "src/guardrail/normalization.py": {"executed_lines": [32, 34, 35, 36, 37, 38, 39, 40, 42, 44, 56, 58, 60, 62, 65, 68, 76, 77, 78, 79, 82, 89, 90, 91, 92, 93, 94, 97, 104, 105, 106, 108, 109, 111, 124, 125, 127, 128, 131, 132, 133, 136, 137, 138, 139, 142, 143, 144, 145, 151, 155, 156, 157, 158, 160, 162, 164, 165, 167, 169, 170, 171, 172, 173, 174, 175, 176, 177, 178, 179, 180, 181, 184], "summary": {"covered_lines": 73, "num_statements": 75, "percent_covered": 97.33333333333333, "percent_covered_display": "97", "missing_lines": 2, "excluded_lines": 0, "percent_statements_covered": 97.33333333333333, "percent_statements_covered_display": "97"}, "missing_lines": [182, 183], "excluded_lines": [], "functions": {"load_confusables_map": {"executed_lines": [89, 90, 91, 92, 93, 94], "summary": {"covered_lines": 6, "num_statements": 6, "percent_covered": 100.0, "percent_covered_display": "100", "missing_lines": 0, "excluded_lines": 0, "percent_statements_covered": 100.0, "percent_statements_covered_display": "100"}, "missing_lines": [], "excluded_lines": [], "start_line": 82}, "NormalizationEngine.__init__": {"executed_lines": [109], "summary": {"covered_lines": 1, "num_statements": 1, "percent_covered": 100.0, "percent_covered_display": "100", "missing_lines": 0, "excluded_lines": 0, "percent_statements_covered": 100.0, "percent_statements_covered_display": "100"}, "missing_lines": [], "excluded_lines": [], "start_line": 108}, "NormalizationEngine.normalize": {"executed_lines": [124, 125, 127, 128, 131, 132, 133, 136, 137, 138, 139, 142, 143, 144, 145, 151, 155, 156, 157, 158, 160], "summary": {"covered_lines": 21, "num_statements": 21, "percent_covered": 100.0, "percent_covered_display": "100", "missing_lines": 0, "excluded_lines": 0, "percent_statements_covered": 100.0, "percent_statements_covered_display": "100"}, "missing_lines": [], "excluded_lines": [], "start_line": 111}, "NormalizationEngine._is_mostly_printable": {"executed_lines": [164, 165], "summary": {"covered_lines": 2, "num_statements": 2, "percent_covered": 100.0, "percent_covered_display": "100", "missing_lines": 0, "excluded_lines": 0, "percent_statements_covered": 100.0, "percent_statements_covered_display": "100"}, "missing_lines": [], "excluded_lines": [], "start_line": 162}, "NormalizationEngine._try_decode": {"executed_lines": [169, 170, 171, 172, 173, 174, 175, 176, 177, 178, 179, 180, 181, 184], "summary": {"covered_lines": 14, "num_statements": 16, "percent_covered": 87.5, "percent_covered_display": "88", "missing_lines": 2, "excluded_lines": 0, "percent_statements_covered": 87.5, "percent_statements_covered_display": "88"}, "missing_lines": [182, 183], "excluded_lines": [], "start_line": 167}, "": {"executed_lines": [32, 34, 35, 36, 37, 38, 39, 40, 42, 44, 56, 58, 60, 62, 65, 68, 76, 77, 78, 79, 82, 97, 104, 105, 106, 108, 111, 162, 167], "summary": {"covered_lines": 29, "num_statements": 29, "percent_covered": 100.0, "percent_covered_display": "100", "missing_lines": 0, "excluded_lines": 0, "percent_statements_covered": 100.0, "percent_statements_covered_display": "100"}, "missing_lines": [], "excluded_lines": [], "start_line": 1}}, "classes": {"NormalizedText": {"executed_lines": [], "summary": {"covered_lines": 0, "num_statements": 0, "percent_covered": 100.0, "percent_covered_display": "100", "missing_lines": 0, "excluded_lines": 0, "percent_statements_covered": 100.0, "percent_statements_covered_display": "100"}, "missing_lines": [], "excluded_lines": [], "start_line": 68}, "NormalizationEngine": {"executed_lines": [109, 124, 125, 127, 128, 131, 132, 133, 136, 137, 138, 139, 142, 143, 144, 145, 151, 155, 156, 157, 158, 160, 164, 165, 169, 170, 171, 172, 173, 174, 175, 176, 177, 178, 179, 180, 181, 184], "summary": {"covered_lines": 38, "num_statements": 40, "percent_covered": 95.0, "percent_covered_display": "95", "missing_lines": 2, "excluded_lines": 0, "percent_statements_covered": 95.0, "percent_statements_covered_display": "95"}, "missing_lines": [182, 183], "excluded_lines": [], "start_line": 97}, "": {"executed_lines": [32, 34, 35, 36, 37, 38, 39, 40, 42, 44, 56, 58, 60, 62, 65, 68, 76, 77, 78, 79, 82, 89, 90, 91, 92, 93, 94, 97, 104, 105, 106, 108, 111, 162, 167], "summary": {"covered_lines": 35, "num_statements": 35, "percent_covered": 100.0, "percent_covered_display": "100", "missing_lines": 0, "excluded_lines": 0, "percent_statements_covered": 100.0, "percent_statements_covered_display": "100"}, "missing_lines": [], "excluded_lines": [], "start_line": 1}}}, "src/guardrail/policy.py": {"executed_lines": [], "summary": {"covered_lines": 0, "num_statements": 82, "percent_covered": 0.0, "percent_covered_display": "0", "missing_lines": 82, "excluded_lines": 0, "percent_statements_covered": 0.0, "percent_statements_covered_display": "0"}, "missing_lines": [39, 41, 42, 44, 52, 70, 73, 74, 75, 78, 87, 88, 89, 90, 91, 94, 107, 108, 109, 110, 111, 112, 113, 118, 124, 125, 128, 225, 234, 235, 236, 237, 238, 241, 244, 245, 248, 249, 250, 251, 252, 255, 261, 262, 263, 266, 267, 270, 271, 274, 287, 288, 289, 290, 292, 293, 295, 296, 298, 303, 304, 306, 307, 309, 312, 313, 315, 321, 325, 326, 327, 328, 329, 332, 338, 339, 342, 348, 349, 350, 353, 355], "excluded_lines": [], "functions": {"_detector_name": {"executed_lines": [], "summary": {"covered_lines": 0, "num_statements": 4, "percent_covered": 0.0, "percent_covered_display": "0", "missing_lines": 4, "excluded_lines": 0, "percent_statements_covered": 0.0, "percent_statements_covered_display": "0"}, "missing_lines": [249, 250, 251, 252], "excluded_lines": [], "start_line": 248}, "_is_errored": {"executed_lines": [], "summary": {"covered_lines": 0, "num_statements": 3, "percent_covered": 0.0, "percent_covered_display": "0", "missing_lines": 3, "excluded_lines": 0, "percent_statements_covered": 0.0, "percent_statements_covered_display": "0"}, "missing_lines": [261, 262, 263], "excluded_lines": [], "start_line": 255}, "_is_valid_positive": {"executed_lines": [], "summary": {"covered_lines": 0, "num_statements": 1, "percent_covered": 0.0, "percent_covered_display": "0", "missing_lines": 1, "excluded_lines": 0, "percent_statements_covered": 0.0, "percent_statements_covered_display": "0"}, "missing_lines": [267], "excluded_lines": [], "start_line": 266}, "_is_valid_negative": {"executed_lines": [], "summary": {"covered_lines": 0, "num_statements": 1, "percent_covered": 0.0, "percent_covered_display": "0", "missing_lines": 1, "excluded_lines": 0, "percent_statements_covered": 0.0, "percent_statements_covered_display": "0"}, "missing_lines": [271], "excluded_lines": [], "start_line": 270}, "aggregate_detection_state": {"executed_lines": [], "summary": {"covered_lines": 0, "num_statements": 17, "percent_covered": 0.0, "percent_covered_display": "0", "missing_lines": 17, "excluded_lines": 0, "percent_statements_covered": 0.0, "percent_statements_covered_display": "0"}, "missing_lines": [287, 288, 289, 290, 292, 293, 295, 296, 298, 303, 304, 306, 307, 309, 312, 313, 315], "excluded_lines": [], "start_line": 274}, "decide": {"executed_lines": [], "summary": {"covered_lines": 0, "num_statements": 5, "percent_covered": 0.0, "percent_covered_display": "0", "missing_lines": 5, "excluded_lines": 0, "percent_statements_covered": 0.0, "percent_statements_covered_display": "0"}, "missing_lines": [325, 326, 327, 328, 329], "excluded_lines": [], "start_line": 321}, "evaluate_policy": {"executed_lines": [], "summary": {"covered_lines": 0, "num_statements": 2, "percent_covered": 0.0, "percent_covered_display": "0", "missing_lines": 2, "excluded_lines": 0, "percent_statements_covered": 0.0, "percent_statements_covered_display": "0"}, "missing_lines": [338, 339], "excluded_lines": [], "start_line": 332}, "to_pipeline_action": {"executed_lines": [], "summary": {"covered_lines": 0, "num_statements": 3, "percent_covered": 0.0, "percent_covered_display": "0", "missing_lines": 3, "excluded_lines": 0, "percent_statements_covered": 0.0, "percent_statements_covered_display": "0"}, "missing_lines": [348, 349, 350], "excluded_lines": [], "start_line": 342}, "is_verdict_forbidden": {"executed_lines": [], "summary": {"covered_lines": 0, "num_statements": 1, "percent_covered": 0.0, "percent_covered_display": "0", "missing_lines": 1, "excluded_lines": 0, "percent_statements_covered": 0.0, "percent_statements_covered_display": "0"}, "missing_lines": [355], "excluded_lines": [], "start_line": 353}, "": {"executed_lines": [], "summary": {"covered_lines": 0, "num_statements": 45, "percent_covered": 0.0, "percent_covered_display": "0", "missing_lines": 45, "excluded_lines": 0, "percent_statements_covered": 0.0, "percent_statements_covered_display": "0"}, "missing_lines": [39, 41, 42, 44, 52, 70, 73, 74, 75, 78, 87, 88, 89, 90, 91, 94, 107, 108, 109, 110, 111, 112, 113, 118, 124, 125, 128, 225, 234, 235, 236, 237, 238, 241, 244, 245, 248, 255, 266, 270, 274, 321, 332, 342, 353], "excluded_lines": [], "start_line": 1}}, "classes": {"Escalation": {"executed_lines": [], "summary": {"covered_lines": 0, "num_statements": 0, "percent_covered": 100.0, "percent_covered_display": "100", "missing_lines": 0, "excluded_lines": 0, "percent_statements_covered": 100.0, "percent_statements_covered_display": "100"}, "missing_lines": [], "excluded_lines": [], "start_line": 70}, "PolicyAction": {"executed_lines": [], "summary": {"covered_lines": 0, "num_statements": 0, "percent_covered": 100.0, "percent_covered_display": "100", "missing_lines": 0, "excluded_lines": 0, "percent_statements_covered": 100.0, "percent_statements_covered_display": "100"}, "missing_lines": [], "excluded_lines": [], "start_line": 78}, "DecisionOutcome": {"executed_lines": [], "summary": {"covered_lines": 0, "num_statements": 0, "percent_covered": 100.0, "percent_covered_display": "100", "missing_lines": 0, "excluded_lines": 0, "percent_statements_covered": 100.0, "percent_statements_covered_display": "100"}, "missing_lines": [], "excluded_lines": [], "start_line": 94}, "DetectorResult": {"executed_lines": [], "summary": {"covered_lines": 0, "num_statements": 0, "percent_covered": 100.0, "percent_covered_display": "100", "missing_lines": 0, "excluded_lines": 0, "percent_statements_covered": 100.0, "percent_statements_covered_display": "100"}, "missing_lines": [], "excluded_lines": [], "start_line": 225}, "PolicyEvaluation": {"executed_lines": [], "summary": {"covered_lines": 0, "num_statements": 0, "percent_covered": 100.0, "percent_covered_display": "100", "missing_lines": 0, "excluded_lines": 0, "percent_statements_covered": 100.0, "percent_statements_covered_display": "100"}, "missing_lines": [], "excluded_lines": [], "start_line": 241}, "": {"executed_lines": [], "summary": {"covered_lines": 0, "num_statements": 82, "percent_covered": 0.0, "percent_covered_display": "0", "missing_lines": 82, "excluded_lines": 0, "percent_statements_covered": 0.0, "percent_statements_covered_display": "0"}, "missing_lines": [39, 41, 42, 44, 52, 70, 73, 74, 75, 78, 87, 88, 89, 90, 91, 94, 107, 108, 109, 110, 111, 112, 113, 118, 124, 125, 128, 225, 234, 235, 236, 237, 238, 241, 244, 245, 248, 249, 250, 251, 252, 255, 261, 262, 263, 266, 267, 270, 271, 274, 287, 288, 289, 290, 292, 293, 295, 296, 298, 303, 304, 306, 307, 309, 312, 313, 315, 321, 325, 326, 327, 328, 329, 332, 338, 339, 342, 348, 349, 350, 353, 355], "excluded_lines": [], "start_line": 1}}}, "src/guardrail/prompt_guard.py": {"executed_lines": [], "summary": {"covered_lines": 0, "num_statements": 339, "percent_covered": 0.0, "percent_covered_display": "0", "missing_lines": 339, "excluded_lines": 0, "percent_statements_covered": 0.0, "percent_statements_covered_display": "0"}, "missing_lines": [60, 62, 63, 64, 65, 66, 67, 68, 69, 70, 72, 74, 115, 117, 119, 121, 122, 123, 125, 126, 127, 129, 131, 134, 140, 144, 148, 152, 156, 160, 167, 170, 171, 174, 180, 181, 182, 183, 184, 185, 186, 187, 188, 189, 190, 191, 192, 193, 194, 195, 196, 199, 206, 207, 208, 209, 210, 211, 212, 213, 215, 217, 218, 219, 220, 224, 225, 226, 230, 231, 232, 233, 236, 238, 239, 240, 246, 249, 250, 251, 252, 254, 256, 263, 272, 273, 276, 277, 278, 279, 280, 281, 282, 283, 284, 285, 286, 287, 288, 291, 292, 293, 294, 295, 298, 306, 307, 308, 309, 310, 313, 315, 316, 317, 318, 319, 320, 321, 322, 325, 331, 332, 335, 336, 339, 349, 355, 366, 372, 374, 375, 376, 377, 378, 379, 380, 381, 382, 383, 384, 385, 388, 395, 396, 397, 399, 400, 401, 403, 404, 405, 407, 408, 409, 411, 413, 415, 416, 418, 419, 420, 422, 424, 426, 428, 430, 432, 434, 435, 436, 442, 449, 450, 453, 461, 464, 468, 471, 472, 473, 474, 475, 476, 477, 478, 479, 481, 482, 484, 486, 487, 488, 489, 491, 492, 493, 494, 495, 496, 498, 499, 500, 507, 508, 509, 510, 511, 512, 513, 514, 515, 517, 518, 519, 520, 521, 522, 523, 524, 526, 527, 528, 529, 530, 531, 534, 535, 536, 539, 540, 543, 544, 545, 551, 554, 555, 556, 557, 558, 559, 561, 562, 564, 567, 570, 571, 572, 573, 574, 575, 576, 578, 579, 581, 583, 584, 586, 592, 593, 594, 597, 598, 601, 609, 617, 618, 619, 626, 627, 628, 629, 631, 632, 633, 635, 636, 638, 640, 641, 642, 644, 645, 647, 648, 649, 650, 651, 653, 654, 656, 657, 658, 659, 661, 663, 665, 671, 672, 673, 674, 675, 676, 677, 678, 679, 680, 681, 682, 692, 698, 699, 703, 704, 705, 706, 720, 722, 724, 725, 726, 727, 728, 731, 732, 733, 734, 735, 738, 739, 741, 742, 743, 744, 747, 749, 751, 752, 753, 754], "excluded_lines": [], "functions": {"load_pin": {"executed_lines": [], "summary": {"covered_lines": 0, "num_statements": 17, "percent_covered": 0.0, "percent_covered_display": "0", "missing_lines": 17, "excluded_lines": 0, "percent_statements_covered": 0.0, "percent_statements_covered_display": "0"}, "missing_lines": [180, 181, 182, 183, 184, 185, 186, 187, 188, 189, 190, 191, 192, 193, 194, 195, 196], "excluded_lines": [], "start_line": 174}, "PromptGuardConfig.validate": {"executed_lines": [], "summary": {"covered_lines": 0, "num_statements": 11, "percent_covered": 0.0, "percent_covered_display": "0", "missing_lines": 11, "excluded_lines": 0, "percent_statements_covered": 0.0, "percent_statements_covered_display": "0"}, "missing_lines": [217, 218, 219, 220, 224, 225, 226, 230, 231, 232, 233], "excluded_lines": [], "start_line": 215}, "pinned_config": {"executed_lines": [], "summary": {"covered_lines": 0, "num_statements": 3, "percent_covered": 0.0, "percent_covered_display": "0", "missing_lines": 3, "excluded_lines": 0, "percent_statements_covered": 0.0, "percent_statements_covered_display": "0"}, "missing_lines": [238, 239, 240], "excluded_lines": [], "start_line": 236}, "PromptGuardLabels.index_of": {"executed_lines": [], "summary": {"covered_lines": 0, "num_statements": 1, "percent_covered": 0.0, "percent_covered_display": "0", "missing_lines
[...]
ines": 0, "percent_statements_covered": 0.0, "percent_statements_covered_display": "0"}, "missing_lines": [617, 618, 619, 626, 627, 628, 629, 633, 638, 642, 647, 648, 649, 650, 651, 656, 657, 658, 659, 663, 671, 672, 673, 674, 675, 676, 677, 678, 679, 680, 681, 682, 698, 699, 703, 704, 705, 706, 720, 724, 725, 726, 727, 728, 731, 732, 733, 734, 735, 738, 739, 742, 743, 744, 747, 751, 752, 753, 754], "excluded_lines": [], "start_line": 601}, "": {"executed_lines": [], "summary": {"covered_lines": 0, "num_statements": 201, "percent_covered": 0.0, "percent_covered_display": "0", "missing_lines": 201, "excluded_lines": 0, "percent_statements_covered": 0.0, "percent_statements_covered_display": "0"}, "missing_lines": [60, 62, 63, 64, 65, 66, 67, 68, 69, 70, 72, 74, 115, 117, 119, 121, 122, 123, 125, 126, 127, 129, 131, 134, 140, 144, 148, 152, 156, 160, 167, 170, 171, 174, 180, 181, 182, 183, 184, 185, 186, 187, 188, 189, 190, 191, 192, 193, 194, 195, 196, 199, 206, 207, 208, 209, 210, 211, 212, 213, 215, 236, 238, 239, 240, 246, 249, 250, 251, 252, 254, 263, 272, 273, 276, 277, 278, 279, 280, 281, 282, 283, 284, 285, 286, 287, 288, 291, 292, 293, 294, 295, 298, 306, 307, 308, 309, 310, 313, 315, 316, 317, 318, 319, 320, 321, 322, 325, 331, 332, 335, 336, 339, 349, 355, 366, 372, 374, 375, 376, 377, 378, 379, 380, 381, 382, 383, 384, 385, 388, 395, 399, 400, 403, 404, 407, 408, 411, 415, 416, 424, 428, 432, 442, 449, 450, 453, 461, 464, 468, 471, 481, 482, 486, 491, 517, 526, 551, 554, 555, 556, 557, 558, 559, 561, 562, 567, 570, 571, 572, 573, 574, 575, 576, 578, 579, 583, 584, 592, 593, 594, 597, 598, 601, 609, 631, 632, 635, 636, 640, 641, 644, 645, 653, 654, 661, 665, 692, 722, 741, 749], "excluded_lines": [], "start_line": 1}}}, "src/guardrail/telemetry.py": {"executed_lines": [40, 42, 43, 45, 46, 48, 55, 56, 58, 61, 74, 75, 76, 77, 78, 79, 80, 81, 82, 83, 86, 92, 93, 96, 99, 100, 103, 110, 111, 112, 115, 116, 119, 120, 123, 126, 135, 136, 137, 138, 140, 142, 143, 144, 146, 147, 148, 149, 150, 152, 157, 159, 165, 167, 170, 171, 174, 176, 177, 178, 179, 180, 181, 184, 186, 187, 188, 191, 192, 193, 199, 201, 202, 203, 204, 210, 211, 213, 214, 215, 218, 219, 220, 226, 228, 229, 233, 242, 243, 244, 250, 252, 253, 254, 260, 262, 263, 264, 266, 267, 268, 274, 276, 277, 278, 281, 282, 283, 289, 291, 292, 293, 294, 301, 302, 303, 304, 310, 311, 312, 313, 314, 315, 321, 324, 325, 326, 328, 342, 343, 346, 347, 348, 349, 350, 356, 357], "summary": {"covered_lines": 137, "num_statements": 137, "percent_covered": 100.0, "percent_covered_display": "100", "missing_lines": 0, "excluded_lines": 0, "percent_statements_covered": 100.0, "percent_statements_covered_display": "100"}, "missing_lines": [], "excluded_lines": [], "functions": {"_decode_nul_interleaved": {"executed_lines": [74, 75, 76, 77, 78, 79, 80, 81, 82, 83], "summary": {"covered_lines": 10, "num_statements": 10, "percent_covered": 100.0, "percent_covered_display": "100", "missing_lines": 0, "excluded_lines": 0, "percent_statements_covered": 100.0, "percent_statements_covered_display": "100"}, "missing_lines": [], "excluded_lines": [], "start_line": 61}, "_error": {"executed_lines": [116], "summary": {"covered_lines": 1, "num_statements": 1, "percent_covered": 100.0, "percent_covered_display": "100", "missing_lines": 0, "excluded_lines": 0, "percent_statements_covered": 100.0, "percent_statements_covered_display": "100"}, "missing_lines": [], "excluded_lines": [], "start_line": 115}, "_type_name": {"executed_lines": [120], "summary": {"covered_lines": 1, "num_statements": 1, "percent_covered": 100.0, "percent_covered_display": "100", "missing_lines": 0, "excluded_lines": 0, "percent_statements_covered": 100.0, "percent_statements_covered_display": "100"}, "missing_lines": [], "excluded_lines": [], "start_line": 119}, "TelemetryIngestionAdapter.__init__": {"executed_lines": [136, 137, 138], "summary": {"covered_lines": 3, "num_statements": 3, "percent_covered": 100.0, "percent_covered_display": "100", "missing_lines": 0, "excluded_lines": 0, "percent_statements_covered": 100.0, "percent_statements_covered_display": "100"}, "missing_lines": [], "excluded_lines": [], "start_line": 135}, "TelemetryIngestionAdapter.ingest": {"executed_lines": [142, 143, 144, 146, 147, 148, 149, 150, 152, 157], "summary": {"covered_lines": 10, "num_statements": 10, "percent_covered": 100.0, "percent_covered_display": "100", "missing_lines": 0, "excluded_lines": 0, "percent_statements_covered": 100.0, "percent_statements_covered_display": "100"}, "missing_lines": [], "excluded_lines": [], "start_line": 140}, "TelemetryIngestionAdapter.extract_api_strings": {"executed_lines": [165], "summary": {"covered_lines": 1, "num_statements": 1, "percent_covered": 100.0, "percent_covered_display": "100", "missing_lines": 0, "excluded_lines": 0, "percent_statements_covered": 100.0, "percent_statements_covered_display": "100"}, "missing_lines": [], "excluded_lines": [], "start_line": 159}, "TelemetryIngestionAdapter._iter_strings": {"executed_lines": [170, 171, 174, 176, 177, 178, 179, 180, 181, 184, 186, 187, 188, 191, 192, 193, 199, 201, 202, 203, 204, 210, 211, 213, 214, 215, 218, 219, 220, 226, 228, 229], "summary": {"covered_lines": 32, "num_statements": 32, "percent_covered": 100.0, "percent_covered_display": "100", "missing_lines": 0, "excluded_lines": 0, "percent_statements_covered": 100.0, "percent_statements_covered_display": "100"}, "missing_lines": [], "excluded_lines": [], "start_line": 167}, "TelemetryIngestionAdapter._iter_call": {"executed_lines": [242, 243, 244, 250, 252, 253, 254, 260, 262, 263, 264, 266, 267, 268, 274, 276, 277, 278, 281, 282, 283, 289, 291, 292, 293, 294, 301, 302, 303, 304, 310, 311, 312, 313, 314, 315, 321, 324, 325, 326, 328], "summary": {"covered_lines": 41, "num_statements": 41, "percent_covered": 100.0, "percent_covered_display": "100", "missing_lines": 0, "excluded_lines": 0, "percent_statements_covered": 100.0, "percent_statements_covered_display": "100"}, "missing_lines": [], "excluded_lines": [], "start_line": 233}, "TelemetryIngestionAdapter._process_id": {"executed_lines": [346, 347, 348, 349, 350, 356, 357], "summary": {"covered_lines": 7, "num_statements": 7, "percent_covered": 100.0, "percent_covered_display": "100", "missing_lines": 0, "excluded_lines": 0, "percent_statements_covered": 100.0, "percent_statements_covered_display": "100"}, "missing_lines": [], "excluded_lines": [], "start_line": 343}, "": {"executed_lines": [40, 42, 43, 45, 46, 48, 55, 56, 58, 61, 86, 92, 93, 96, 99, 100, 103, 110, 111, 112, 115, 119, 123, 126, 135, 140, 159, 167, 233, 342, 343], "summary": {"covered_lines": 31, "num_statements": 31, "percent_covered": 100.0, "percent_covered_display": "100", "missing_lines": 0, "excluded_lines": 0, "percent_statements_covered": 100.0, "percent_statements_covered_display": "100"}, "missing_lines": [], "excluded_lines": [], "start_line": 1}}, "classes": {"TelemetryString": {"executed_lines": [], "summary": {"covered_lines": 0, "num_statements": 0, "percent_covered": 100.0, "percent_covered_display": "100", "missing_lines": 0, "excluded_lines": 0, "percent_statements_covered": 100.0, "percent_statements_covered_display": "100"}, "missing_lines": [], "excluded_lines": [], "start_line": 86}, "TelemetryError": {"executed_lines": [], "summary": {"covered_lines": 0, "num_statements": 0, "percent_covered": 100.0, "percent_covered_display": "100", "missing_lines": 0, "excluded_lines": 0, "percent_statements_covered": 100.0, "percent_statements_covered_display": "100"}, "missing_lines": [], "excluded_lines": [], "start_line": 96}, "TelemetryIngestionResult": {"executed_lines": [], "summary": {"covered_lines": 0, "num_statements": 0, "percent_covered": 100.0, "percent_covered_display": "100", "missing_lines": 0, "excluded_lines": 0, "percent_statements_covered": 100.0, "percent_statements_covered_display": "100"}, "missing_lines": [], "excluded_lines": [], "start_line": 103}, "TelemetryIngestionAdapter": {"executed_lines": [136, 137, 138, 142, 143, 144, 146, 147, 148, 149, 150, 152, 157, 165, 170, 171, 174, 176, 177, 178, 179, 180, 181, 184, 186, 187, 188, 191, 192, 193, 199, 201, 202, 203, 204, 210, 211, 213, 214, 215, 218, 219, 220, 226, 228, 229, 242, 243, 244, 250, 252, 253, 254, 260, 262, 263, 264, 266, 267, 268, 274, 276, 277, 278, 281, 282, 283, 289, 291, 292, 293, 294, 301, 302, 303, 304, 310, 311, 312, 313, 314, 315, 321, 324, 325, 326, 328, 346, 347, 348, 349, 350, 356, 357], "summary": {"covered_lines": 94, "num_statements": 94, "percent_covered": 100.0, "percent_covered_display": "100", "missing_lines": 0, "excluded_lines": 0, "percent_statements_covered": 100.0, "percent_statements_covered_display": "100"}, "missing_lines": [], "excluded_lines": [], "start_line": 123}, "": {"executed_lines": [40, 42, 43, 45, 46, 48, 55, 56, 58, 61, 74, 75, 76, 77, 78, 79, 80, 81, 82, 83, 86, 92, 93, 96, 99, 100, 103, 110, 111, 112, 115, 116, 119, 120, 123, 126, 135, 140, 159, 167, 233, 342, 343], "summary": {"covered_lines": 43, "num_statements": 43, "percent_covered": 100.0, "percent_covered_display": "100", "missing_lines": 0, "excluded_lines": 0, "percent_statements_covered": 100.0, "percent_statements_covered_display": "100"}, "missing_lines": [], "excluded_lines": [], "start_line": 1}}}, "src/guardrail/yara_scanner.py": {"executed_lines": [], "summary": {"covered_lines": 0, "num_statements": 158, "percent_covered": 0.0, "percent_covered_display": "0", "missing_lines": 158, "excluded_lines": 0, "percent_statements_covered": 0.0, "percent_statements_covered_display": "0"}, "missing_lines": [60, 62, 63, 64, 65, 66, 68, 70, 76, 78, 95, 97, 102, 105, 107, 108, 111, 114, 115, 116, 117, 120, 123, 124, 125, 128, 136, 137, 138, 139, 142, 149, 150, 151, 152, 155, 172, 173, 174, 175, 176, 177, 178, 179, 180, 181, 182, 183, 186, 189, 190, 191, 194, 197, 198, 199, 200, 203, 204, 207, 208, 211, 213, 214, 217, 224, 225, 226, 227, 228, 235, 236, 237, 238, 239, 246, 247, 248, 249, 255, 258, 266, 267, 268, 269, 275, 280, 288, 295, 296, 297, 298, 299, 301, 302, 305, 306, 307, 308, 309, 310, 311, 312, 314, 316, 328, 340, 341, 344, 355, 364, 365, 366, 375, 387, 388, 389, 390, 394, 405, 412, 413, 414, 429, 430, 434, 435, 438, 439, 446, 457, 461, 471, 472, 474, 475, 476, 479, 480, 481, 482, 485, 486, 498, 501, 503, 513, 514, 515, 516, 517, 518, 519, 520, 521, 522, 523, 525], "excluded_lines": [], "functions": {"_error": {"executed_lines": [], "summary": {"covered_lines": 0, "num_statements": 1, "percent_covered": 0.0, "percent_covered_display": "0", "missing_lines": 1, "excluded_lines": 0, "percent_statements_covered": 0.0, "percent_statements_covered_display": "0"}, "missing_lines": [204], "excluded_lines": [], "start_line": 203}, "_sha256": {"executed_lines": [], "summary": {"covered_lines": 0, "num_statements": 1, "percent_covered": 0.0, "percent_covered_display": "0", "missing_lines": 1, "excluded_lines": 0, "percent_statements_covered": 0.0, "percent_statements_covered_display": "0"}, "missing_lines": [208], "excluded_lines": [], "start_line": 207}, "_meta_str": {"executed_lines": [], "summary": {"covered_lines": 0, "num_statements": 2, "percent_covered": 0.0, "percent_covered_display": "0", "missing_lines": 2, "excluded_lines": 0, "percent_statements_covered": 0.0, "percent_statements_covered_display": "0"}, "missing_lines": [213, 214], "excluded_lines": [], "start_line": 211}, "compile_ruleset": {"executed_lines": [], "summary": {"covered_lines": 0, "num_statements": 15, "percent_covered": 0.0, "percent_covered_display": "0", "missing_lines": 15, "excluded_lines": 0, "percent_statements_covered": 0.0, "percent_statements_covered_display": "0"}, "missing_lines": [224, 225, 226, 227, 228, 235, 236, 237, 238, 239, 246, 247, 248, 249, 255], "excluded_lines": [], "start_line": 217}, "probe_cuckoo_capability": {"executed_lines": [], "summary": {"covered_lines": 0, "num_statements": 5, "percent_covered": 0.0, "percent_covered_display": "0", "missing_lines": 5, "excluded_lines": 0, "percent_statements_covered": 0.0, "percent_statements_covered_display": "0"}, "missing_lines": [266, 267, 268, 269, 275], "excluded_lines": [], "start_line": 258}, "YaraScanner.__init__": {"executed_lines": [], "summary": {"covered_lines": 0, "num_statements": 15, "percent_covered": 0.0, "percent_covered_display": "0", "missing_lines": 15, "excluded_lines": 0, "percent_statements_covered": 0.0, "percent_statements_covered_display": "0"}, "missing_lines": [295, 296, 297, 298, 299, 301, 302, 305, 306, 307, 308, 309, 310, 311, 312], "excluded_lines": [], "start_line": 288}, "YaraScanner.manifest": {"executed_lines": [], "summary": {"covered_lines": 0, "num_statements": 1, "percent_covered": 0.0, "percent_covered_display": "0", "missing_lines": 1, "excluded_lines": 0, "percent_statements_covered": 0.0, "percent_statements_covered_display": "0"}, "missing_lines": [316], "excluded_lines": [], "start_line": 314}, "YaraScanner.scan_bytes": {"executed_lines": [], "summary": {"covered_lines": 0, "num_statements": 3, "percent_covered": 0.0, "percent_covered_display": "0", "missing_lines": 3, "excluded_lines": 0, "percent_statements_covered": 0.0, "percent_statements_covered_display": "0"}, "missing_lines": [340, 341, 344], "excluded_lines": [], "start_line": 328}, "YaraScanner.scan_text": {"executed_lines": [], "summary": {"covered_lines": 0, "num_statements": 3, "percent_covered": 0.0, "percent_covered_display": "0", "missing_lines": 3, "excluded_lines": 0, "percent_statements_covered": 0.0, "percent_statements_covered_display": "0"}, "missing_lines": [364, 365, 366], "excluded_lines": [], "start_line": 355}, "YaraScanner.scan_normalized": {"executed_lines": [], "summary": {"covered_lines": 0, "num_statements": 5, "percent_covered": 0.0, "percent_covered_display": "0", "missing_lines": 5, "excluded_lines": 0, "percent_statements_covered": 0.0, "percent_statements_covered_display": "0"}, "missing_lines": [387, 388, 389, 390, 394], "excluded_lines": [], "start_line": 375}, "YaraScanner.scan_cape_report": {"executed_lines": [], "summary": {"covered_lines": 0, "num_statements": 11, "percent_covered": 0.0, "percent_covered_display": "0", "missing_lines": 11, "excluded_lines": 0, "percent_statements_covered": 0.0, "percent_statements_covered_display": "0"}, "missing_lines": [412, 413, 414, 429, 430, 434, 435, 438, 439, 446, 457], "excluded_lines": [], "start_line": 405}, "YaraScanner._scan_all": {"executed_lines": [], "summary": {"covered_lines": 0, "num_statements": 13, "percent_covered": 0.0, "percent_covered_display": "0", "missing_lines": 13, "excluded_lines": 0, "percent_statements_covered": 0.0, "percent_statements_covered_display": "0"}, "missing_lines": [471, 472, 474, 475, 476, 479, 480, 481, 482, 485, 486, 498, 501], "excluded_lines": [], "start_line": 461}, "YaraScanner._finding": {"executed_lines": [], "summary": {"covered_lines": 0, "num_statements": 12, "percent_covered": 0.0, "percent_covered_display": "0", "missing_lines": 12, "excluded_lines": 0, "percent_statements_covered": 0.0, "percent_statements_covered_display": "0"}, "missing_lines": [513, 514, 515, 516, 517, 518, 519, 520, 521, 522, 523, 525], "excluded_lines": [], "start_line": 503}, "": {"executed_lines": [], "summary": {"covered_lines": 0, "num_statements": 71, "percent_covered": 0.0, "percent_covered_display": "0", "missing_lines": 71, "excluded_lines": 0, "percent_statements_covered": 0.0, "percent_statements_covered_display": "0"}, "missing_lines": [60, 62, 63, 64, 65, 66, 68, 70, 76, 78, 95, 97, 102, 105, 107, 108, 111, 114, 115, 116, 117, 120, 123, 124, 125, 128, 136, 137, 138, 139, 142, 149, 150, 151, 152, 155, 172, 173, 174, 175, 176, 177, 178, 179, 180, 181, 182, 183, 186, 189, 190, 191, 194, 197, 198, 199, 200, 203, 207, 211, 217, 258, 280, 288, 314, 328, 355, 375, 405, 461, 503], "excluded_lines": [], "start_line": 1}}, "classes": {"ScanErrorKind": {"executed_lines": [], "summary": {"covered_lines": 0, "num_statements": 0, "percent_covered": 100.0, "percent_covered_display": "100", "missing_lines": 0, "excluded_lines": 0, "percent_statements_covered": 100.0, "percent_statements_covered_display": "100"}, "missing_lines": [], "excluded_lines": [], "start_line": 111}, "ScanError": {"executed_lines": [], "summary": {"covered_lines": 0, "num_statements": 0, "percent_covered": 100.0, "percent_covered_display": "100", "missing_lines": 0, "excluded_lines": 0, "percent_statements_covered": 100.0, "percent_statements_covered_display": "100"}, "missing_lines": [], "excluded_lines": [], "start_line": 120}, "CuckooCapability": {"executed_lines": [], "summary": {"covered_lines": 0, "num_statements": 0, "percent_covered": 100.0, "percent_covered_display": "100", "missing_lines": 0, "excluded_lines": 0, "percent_statements_covered": 100.0, "percent_statements_covered_display": "100"}, "missing_lines": [], "excluded_lines": [], "start_line": 128}, "RulesetOutcome": {"executed_lines": [], "summary": {"covered_lines": 0, "num_statements": 0, "percent_covered": 100.0, "percent_covered_display": "100", "missing_lines": 0, "excluded_lines": 0, "percent_statements_covered": 100.0, "percent_statements_covered_display": "100"}, "missing_lines": [], "excluded_lines": [], "start_line": 142}, "Finding": {"executed_lines": [], "summary": {"covered_lines": 0, "num_statements": 0, "percent_covered": 100.0, "percent_covered_display": "100", "missing_lines": 0, "excluded_lines": 0, "percent_statements_covered": 100.0, "percent_statements_covered_display": "100"}, "missing_lines": [], "excluded_lines": [], "start_line": 155}, "ScanResult": {"executed_lines": [], "summary": {"covered_lines": 0, "num_statements": 0, "percent_covered": 100.0, "percent_covered_display": "100", "missing_lines": 0, "excluded_lines": 0, "percent_statements_covered": 100.0, "percent_statements_covered_display": "100"}, "missing_lines": [], "excluded_lines": [], "start_line": 186}, "CuckooScanResult": {"executed_lines": [], "summary": {"covered_lines": 0, "num_statements": 0, "percent_covered": 100.0, "percent_covered_display": "100", "missing_lines": 0, "excluded_lines": 0, "percent_statements_covered": 100.0, "percent_statements_covered_display": "100"}, "missing_lines": [], "excluded_lines": [], "start_line": 194}, "YaraScanner": {"executed_lines": [], "summary": {"covered_lines": 0, "num_statements": 63, "percent_covered": 0.0, "percent_covered_display": "0", "missing_lines": 63, "excluded_lines": 0, "percent_statements_covered": 0.0, "percent_statements_covered_display": "0"}, "missing_lines": [295, 296, 297, 298, 299, 301, 302, 305, 306, 307, 308, 309, 310, 311, 312, 316, 340, 341, 344, 364, 365, 366, 387, 388, 389, 390, 394, 412, 413, 414, 429, 430, 434, 435, 438, 439, 446, 457, 471, 472, 474, 475, 476, 479, 480, 481, 482, 485, 486, 498, 501, 513, 514, 515, 516, 517, 518, 519, 520, 521, 522, 523, 525], "excluded_lines": [], "start_line": 280}, "": {"executed_lines": [], "summary": {"covered_lines": 0, "num_statements": 95, "percent_covered": 0.0, "percent_covered_display": "0", "missing_lines": 95, "excluded_lines": 0, "percent_statements_covered": 0.0, "percent_statements_covered_display": "0"}, "missing_lines": [60, 62, 63, 64, 65, 66, 68, 70, 76, 78, 95, 97, 102, 105, 107, 108, 111, 114, 115, 116, 117, 120, 123, 124, 125, 128, 136, 137, 138, 139, 142, 149, 150, 151, 152, 155, 172, 173, 174, 175, 176, 177, 178, 179, 180, 181, 182, 183, 186, 189, 190, 191, 194, 197, 198, 199, 200, 203, 204, 207, 208, 211, 213, 214, 217, 224, 225, 226, 227, 228, 235, 236, 237, 238, 239, 246, 247, 248, 249, 255, 258, 266, 267, 268, 269, 275, 280, 288, 314, 328, 355, 375, 405, 461, 503], "excluded_lines": [], "start_line": 1}}}}, "totals": {"covered_lines": 519, "num_statements": 1899, "percent_covered": 27.330173775671405, "percent_covered_display": "27", "missing_lines": 1380, "excluded_lines": 0, "percent_statements_covered": 27.330173775671405, "percent_statements_covered_display": "27"}}